[ 2016-09-26T09:02:01+08:00 ] 127.0.0.1 /
SQL: SHOW COLUMNS FROM `pa_city` [ RunTime:0.028785s ]
SQL: SELECT `id`,`name`,`code` FROM `pa_city` ORDER BY id asc  [ RunTime:0.028341s ]
NOTIC: [8] Undefined variable: key D:\www\Admin\trunk\App\Conf\city.php 第 16 行.
INFO: [ app_begin ] --START--
INFO: ReadHtmlCache Behavior ::run [ RunTime:0.011050s ]
INFO: [ app_begin ] --END-- [ RunTime:0.011177s ]
SQL: SHOW COLUMNS FROM `pa_news` [ RunTime:0.030410s ]
NOTIC: [2] Missing argument 1 for Model::field(), called in D:\www\Admin\trunk\App\Lib\Model\NewsModel.class.php on line 151 and defined D:\www\Admin\trunk\ThinkPHP\Lib\Core\Model.class.php 第 1423 行.
NOTIC: [8] Undefined variable: field D:\www\Admin\trunk\ThinkPHP\Lib\Core\Model.class.php 第 1424 行.
NOTIC: [8] Undefined variable: field D:\www\Admin\trunk\ThinkPHP\Lib\Core\Model.class.php 第 1434 行.
SQL: SELECT * FROM `pa_news` WHERE ( `status` = 1 ) ORDER BY id desc LIMIT 1   [ RunTime:0.029041s ]
INFO: [ view_parse ] --START--
INFO: ParseTemplate Behavior ::run [ RunTime:0.095583s ]
INFO: [ view_parse ] --END-- [ RunTime:0.095750s ]
INFO: [ view_filter ] --START--
INFO: ContentReplace Behavior ::run [ RunTime:0.011676s ]
INFO: TokenBuild Behavior ::run [ RunTime:0.006285s ]
INFO: WriteHtmlCache Behavior ::run [ RunTime:0.001057s ]
INFO: ShowRuntime Behavior ::run [ RunTime:0.000783s ]
INFO: [ view_filter ] --END-- [ RunTime:0.020000s ]
INFO: [ view_end ] --START--
INFO: ShowPageTrace Behavior ::run [ RunTime:0.012069s ]
INFO: [ view_end ] --END-- [ RunTime:0.012156s ]

[ 2016-09-26T09:06:36+08:00 ] 127.0.0.1 /
SQL: SHOW COLUMNS FROM `pa_city` [ RunTime:0.029098s ]
SQL: SELECT `id`,`name`,`code` FROM `pa_city` ORDER BY id asc  [ RunTime:0.030132s ]
NOTIC: [8] Undefined variable: key D:\www\Admin\trunk\App\Conf\city.php 第 16 行.
INFO: [ app_begin ] --START--
INFO: ReadHtmlCache Behavior ::run [ RunTime:0.010966s ]
INFO: [ app_begin ] --END-- [ RunTime:0.011068s ]
SQL: SHOW COLUMNS FROM `pa_news` [ RunTime:0.030564s ]
NOTIC: [2] Missing argument 1 for Model::field(), called in D:\www\Admin\trunk\App\Lib\Model\NewsModel.class.php on line 151 and defined D:\www\Admin\trunk\ThinkPHP\Lib\Core\Model.class.php 第 1423 行.
NOTIC: [8] Undefined variable: field D:\www\Admin\trunk\ThinkPHP\Lib\Core\Model.class.php 第 1424 行.
NOTIC: [8] Undefined variable: field D:\www\Admin\trunk\ThinkPHP\Lib\Core\Model.class.php 第 1434 行.
SQL: SELECT * FROM `pa_news` WHERE ( `status` = 1 ) ORDER BY id desc LIMIT 1   [ RunTime:0.029620s ]

[ 2016-09-26T09:06:44+08:00 ] 127.0.0.1 /
SQL: SHOW COLUMNS FROM `pa_city` [ RunTime:0.030093s ]
SQL: SELECT `id`,`name`,`code` FROM `pa_city` ORDER BY id asc  [ RunTime:0.029141s ]
NOTIC: [8] Undefined variable: key D:\www\Admin\trunk\App\Conf\city.php 第 16 行.
INFO: [ app_begin ] --START--
INFO: ReadHtmlCache Behavior ::run [ RunTime:0.000720s ]
INFO: [ app_begin ] --END-- [ RunTime:0.000795s ]
SQL: SHOW COLUMNS FROM `pa_news` [ RunTime:0.029984s ]
NOTIC: [2] Missing argument 1 for Model::field(), called in D:\www\Admin\trunk\App\Lib\Model\NewsModel.class.php on line 151 and defined D:\www\Admin\trunk\ThinkPHP\Lib\Core\Model.class.php 第 1423 行.
NOTIC: [8] Undefined variable: field D:\www\Admin\trunk\ThinkPHP\Lib\Core\Model.class.php 第 1424 行.
NOTIC: [8] Undefined variable: field D:\www\Admin\trunk\ThinkPHP\Lib\Core\Model.class.php 第 1434 行.
SQL: SELECT * FROM `pa_news` WHERE ( `status` = 1 ) ORDER BY id desc LIMIT 1   [ RunTime:0.030330s ]

[ 2016-09-26T09:08:59+08:00 ] 127.0.0.1 /
SQL: SHOW COLUMNS FROM `pa_city` [ RunTime:0.029132s ]
SQL: SELECT `id`,`name`,`code` FROM `pa_city` ORDER BY id asc  [ RunTime:0.028904s ]
NOTIC: [8] Undefined variable: key D:\www\Admin\trunk\App\Conf\city.php 第 16 行.
INFO: [ app_begin ] --START--
INFO: ReadHtmlCache Behavior ::run [ RunTime:0.000762s ]
INFO: [ app_begin ] --END-- [ RunTime:0.000843s ]

[ 2016-09-26T09:17:09+08:00 ] 127.0.0.1 /
SQL: SHOW COLUMNS FROM `pa_city` [ RunTime:0.029189s ]
SQL: SELECT `id`,`name`,`code` FROM `pa_city` ORDER BY id asc  [ RunTime:0.029636s ]
NOTIC: [8] Undefined variable: key D:\www\Admin\trunk\App\Conf\city.php 第 16 行.
INFO: [ app_begin ] --START--
INFO: ReadHtmlCache Behavior ::run [ RunTime:0.001431s ]
INFO: [ app_begin ] --END-- [ RunTime:0.001573s ]

[ 2016-09-26T09:17:13+08:00 ] 127.0.0.1 /
SQL: SHOW COLUMNS FROM `pa_city` [ RunTime:0.029145s ]
SQL: SELECT `id`,`name`,`code` FROM `pa_city` ORDER BY id asc  [ RunTime:0.029992s ]
NOTIC: [8] Undefined variable: key D:\www\Admin\trunk\App\Conf\city.php 第 16 行.
INFO: [ app_begin ] --START--
INFO: ReadHtmlCache Behavior ::run [ RunTime:0.000889s ]
INFO: [ app_begin ] --END-- [ RunTime:0.001000s ]

[ 2016-09-26T09:17:35+08:00 ] 127.0.0.1 /
SQL: SHOW COLUMNS FROM `pa_city` [ RunTime:0.030204s ]
SQL: SELECT `id`,`name`,`code` FROM `pa_city` ORDER BY id asc  [ RunTime:0.029309s ]
NOTIC: [8] Undefined variable: key D:\www\Admin\trunk\App\Conf\city.php 第 16 行.
INFO: [ app_begin ] --START--
INFO: ReadHtmlCache Behavior ::run [ RunTime:0.001059s ]
INFO: [ app_begin ] --END-- [ RunTime:0.001223s ]
SQL: SHOW COLUMNS FROM `pa_news` [ RunTime:0.030509s ]
NOTIC: [2] Missing argument 1 for Model::field(), called in D:\www\Admin\trunk\App\Lib\Model\NewsModel.class.php on line 151 and defined D:\www\Admin\trunk\ThinkPHP\Lib\Core\Model.class.php 第 1423 行.
NOTIC: [8] Undefined variable: field D:\www\Admin\trunk\ThinkPHP\Lib\Core\Model.class.php 第 1424 行.
NOTIC: [8] Undefined variable: field D:\www\Admin\trunk\ThinkPHP\Lib\Core\Model.class.php 第 1434 行.
SQL: SELECT * FROM `pa_news` WHERE ( `status` = 1 ) ORDER BY id desc LIMIT 1   [ RunTime:0.029333s ]
NOTIC: [2] preg_replace(): No ending delimiter '/' found D:\www\Admin\trunk\App\Lib\Action\Home\IndexAction.class.php 第 93 行.

[ 2016-09-26T09:17:47+08:00 ] 127.0.0.1 /
SQL: SHOW COLUMNS FROM `pa_city` [ RunTime:0.029261s ]
SQL: SELECT `id`,`name`,`code` FROM `pa_city` ORDER BY id asc  [ RunTime:0.029640s ]
NOTIC: [8] Undefined variable: key D:\www\Admin\trunk\App\Conf\city.php 第 16 行.
INFO: [ app_begin ] --START--
INFO: ReadHtmlCache Behavior ::run [ RunTime:0.000766s ]
INFO: [ app_begin ] --END-- [ RunTime:0.000846s ]
SQL: SHOW COLUMNS FROM `pa_news` [ RunTime:0.029575s ]
NOTIC: [2] Missing argument 1 for Model::field(), called in D:\www\Admin\trunk\App\Lib\Model\NewsModel.class.php on line 151 and defined D:\www\Admin\trunk\ThinkPHP\Lib\Core\Model.class.php 第 1423 行.
NOTIC: [8] Undefined variable: field D:\www\Admin\trunk\ThinkPHP\Lib\Core\Model.class.php 第 1424 行.
NOTIC: [8] Undefined variable: field D:\www\Admin\trunk\ThinkPHP\Lib\Core\Model.class.php 第 1434 行.
SQL: SELECT * FROM `pa_news` WHERE ( `status` = 1 ) ORDER BY id desc LIMIT 1   [ RunTime:0.028939s ]
NOTIC: [2] preg_replace(): No ending delimiter '/' found D:\www\Admin\trunk\App\Lib\Action\Home\IndexAction.class.php 第 93 行.

[ 2016-09-26T09:18:30+08:00 ] 127.0.0.1 /
SQL: SHOW COLUMNS FROM `pa_city` [ RunTime:0.029087s ]
SQL: SELECT `id`,`name`,`code` FROM `pa_city` ORDER BY id asc  [ RunTime:0.030126s ]
NOTIC: [8] Undefined variable: key D:\www\Admin\trunk\App\Conf\city.php 第 16 行.
INFO: [ app_begin ] --START--
INFO: ReadHtmlCache Behavior ::run [ RunTime:0.000883s ]
INFO: [ app_begin ] --END-- [ RunTime:0.000996s ]
SQL: SHOW COLUMNS FROM `pa_news` [ RunTime:0.030035s ]
NOTIC: [2] Missing argument 1 for Model::field(), called in D:\www\Admin\trunk\App\Lib\Model\NewsModel.class.php on line 151 and defined D:\www\Admin\trunk\ThinkPHP\Lib\Core\Model.class.php 第 1423 行.
NOTIC: [8] Undefined variable: field D:\www\Admin\trunk\ThinkPHP\Lib\Core\Model.class.php 第 1424 行.
NOTIC: [8] Undefined variable: field D:\www\Admin\trunk\ThinkPHP\Lib\Core\Model.class.php 第 1434 行.
SQL: SELECT * FROM `pa_news` WHERE ( `status` = 1 ) ORDER BY id desc LIMIT 1   [ RunTime:0.029573s ]

[ 2016-09-26T09:18:32+08:00 ] 127.0.0.1 /
SQL: SHOW COLUMNS FROM `pa_city` [ RunTime:0.029089s ]
SQL: SELECT `id`,`name`,`code` FROM `pa_city` ORDER BY id asc  [ RunTime:0.028737s ]
NOTIC: [8] Undefined variable: key D:\www\Admin\trunk\App\Conf\city.php 第 16 行.
INFO: [ app_begin ] --START--
INFO: ReadHtmlCache Behavior ::run [ RunTime:0.000776s ]
INFO: [ app_begin ] --END-- [ RunTime:0.000844s ]
SQL: SHOW COLUMNS FROM `pa_news` [ RunTime:0.029769s ]
NOTIC: [2] Missing argument 1 for Model::field(), called in D:\www\Admin\trunk\App\Lib\Model\NewsModel.class.php on line 151 and defined D:\www\Admin\trunk\ThinkPHP\Lib\Core\Model.class.php 第 1423 行.
NOTIC: [8] Undefined variable: field D:\www\Admin\trunk\ThinkPHP\Lib\Core\Model.class.php 第 1424 行.
NOTIC: [8] Undefined variable: field D:\www\Admin\trunk\ThinkPHP\Lib\Core\Model.class.php 第 1434 行.
SQL: SELECT * FROM `pa_news` WHERE ( `status` = 1 ) ORDER BY id desc LIMIT 1   [ RunTime:0.028496s ]

[ 2016-09-26T09:19:52+08:00 ] 127.0.0.1 /
SQL: SHOW COLUMNS FROM `pa_city` [ RunTime:0.030063s ]
SQL: SELECT `id`,`name`,`code` FROM `pa_city` ORDER BY id asc  [ RunTime:0.029457s ]
NOTIC: [8] Undefined variable: key D:\www\Admin\trunk\App\Conf\city.php 第 16 行.
INFO: [ app_begin ] --START--
INFO: ReadHtmlCache Behavior ::run [ RunTime:0.000534s ]
INFO: [ app_begin ] --END-- [ RunTime:0.000596s ]

[ 2016-09-26T09:19:54+08:00 ] 127.0.0.1 /
SQL: SHOW COLUMNS FROM `pa_city` [ RunTime:0.029954s ]
SQL: SELECT `id`,`name`,`code` FROM `pa_city` ORDER BY id asc  [ RunTime:0.029003s ]
NOTIC: [8] Undefined variable: key D:\www\Admin\trunk\App\Conf\city.php 第 16 行.
INFO: [ app_begin ] --START--
INFO: ReadHtmlCache Behavior ::run [ RunTime:0.001054s ]
INFO: [ app_begin ] --END-- [ RunTime:0.001141s ]

[ 2016-09-26T09:21:40+08:00 ] 127.0.0.1 /
SQL: SHOW COLUMNS FROM `pa_city` [ RunTime:0.035090s ]
SQL: SELECT `id`,`name`,`code` FROM `pa_city` ORDER BY id asc  [ RunTime:0.033954s ]
NOTIC: [8] Undefined variable: key D:\www\Admin\trunk\App\Conf\city.php 第 16 行.
INFO: [ app_begin ] --START--
INFO: ReadHtmlCache Behavior ::run [ RunTime:0.000705s ]
INFO: [ app_begin ] --END-- [ RunTime:0.000777s ]

[ 2016-09-26T09:21:54+08:00 ] 127.0.0.1 /
SQL: SHOW COLUMNS FROM `pa_city` [ RunTime:0.030100s ]
SQL: SELECT `id`,`name`,`code` FROM `pa_city` ORDER BY id asc  [ RunTime:0.028968s ]
NOTIC: [8] Undefined variable: key D:\www\Admin\trunk\App\Conf\city.php 第 16 行.
INFO: [ app_begin ] --START--
INFO: ReadHtmlCache Behavior ::run [ RunTime:0.001147s ]
INFO: [ app_begin ] --END-- [ RunTime:0.001272s ]
SQL: SHOW COLUMNS FROM `pa_news` [ RunTime:0.030613s ]
NOTIC: [2] Missing argument 1 for Model::field(), called in D:\www\Admin\trunk\App\Lib\Model\NewsModel.class.php on line 151 and defined D:\www\Admin\trunk\ThinkPHP\Lib\Core\Model.class.php 第 1423 行.
NOTIC: [8] Undefined variable: field D:\www\Admin\trunk\ThinkPHP\Lib\Core\Model.class.php 第 1424 行.
NOTIC: [8] Undefined variable: field D:\www\Admin\trunk\ThinkPHP\Lib\Core\Model.class.php 第 1434 行.
SQL: SELECT * FROM `pa_news` WHERE ( `status` = 1 ) ORDER BY id desc LIMIT 1   [ RunTime:0.029409s ]

[ 2016-09-26T09:21:57+08:00 ] 127.0.0.1 /
SQL: SHOW COLUMNS FROM `pa_city` [ RunTime:0.028984s ]
SQL: SELECT `id`,`name`,`code` FROM `pa_city` ORDER BY id asc  [ RunTime:0.029043s ]
NOTIC: [8] Undefined variable: key D:\www\Admin\trunk\App\Conf\city.php 第 16 行.
INFO: [ app_begin ] --START--
INFO: ReadHtmlCache Behavior ::run [ RunTime:0.000907s ]
INFO: [ app_begin ] --END-- [ RunTime:0.001027s ]
SQL: SHOW COLUMNS FROM `pa_news` [ RunTime:0.030158s ]
NOTIC: [2] Missing argument 1 for Model::field(), called in D:\www\Admin\trunk\App\Lib\Model\NewsModel.class.php on line 151 and defined D:\www\Admin\trunk\ThinkPHP\Lib\Core\Model.class.php 第 1423 行.
NOTIC: [8] Undefined variable: field D:\www\Admin\trunk\ThinkPHP\Lib\Core\Model.class.php 第 1424 行.
NOTIC: [8] Undefined variable: field D:\www\Admin\trunk\ThinkPHP\Lib\Core\Model.class.php 第 1434 行.
SQL: SELECT * FROM `pa_news` WHERE ( `status` = 1 ) ORDER BY id desc LIMIT 1   [ RunTime:0.028778s ]

[ 2016-09-26T09:22:39+08:00 ] 127.0.0.1 /
SQL: SHOW COLUMNS FROM `pa_city` [ RunTime:0.029934s ]
SQL: SELECT `id`,`name`,`code` FROM `pa_city` ORDER BY id asc  [ RunTime:0.030254s ]
NOTIC: [8] Undefined variable: key D:\www\Admin\trunk\App\Conf\city.php 第 16 行.
INFO: [ app_begin ] --START--
INFO: ReadHtmlCache Behavior ::run [ RunTime:0.001117s ]
INFO: [ app_begin ] --END-- [ RunTime:0.001257s ]
SQL: SHOW COLUMNS FROM `pa_news` [ RunTime:0.029989s ]
NOTIC: [2] Missing argument 1 for Model::field(), called in D:\www\Admin\trunk\App\Lib\Model\NewsModel.class.php on line 151 and defined D:\www\Admin\trunk\ThinkPHP\Lib\Core\Model.class.php 第 1423 行.
NOTIC: [8] Undefined variable: field D:\www\Admin\trunk\ThinkPHP\Lib\Core\Model.class.php 第 1424 行.
NOTIC: [8] Undefined variable: field D:\www\Admin\trunk\ThinkPHP\Lib\Core\Model.class.php 第 1434 行.
SQL: SELECT * FROM `pa_news` WHERE ( `status` = 1 ) ORDER BY id desc LIMIT 1   [ RunTime:0.029379s ]

[ 2016-09-26T09:22:59+08:00 ] 127.0.0.1 /
SQL: SHOW COLUMNS FROM `pa_city` [ RunTime:0.030082s ]
SQL: SELECT `id`,`name`,`code` FROM `pa_city` ORDER BY id asc  [ RunTime:0.029000s ]
NOTIC: [8] Undefined variable: key D:\www\Admin\trunk\App\Conf\city.php 第 16 行.
INFO: [ app_begin ] --START--
INFO: ReadHtmlCache Behavior ::run [ RunTime:0.000546s ]
INFO: [ app_begin ] --END-- [ RunTime:0.000621s ]

[ 2016-09-26T09:23:12+08:00 ] 127.0.0.1 /
SQL: SHOW COLUMNS FROM `pa_city` [ RunTime:0.030122s ]
SQL: SELECT `id`,`name`,`code` FROM `pa_city` ORDER BY id asc  [ RunTime:0.030100s ]
NOTIC: [8] Undefined variable: key D:\www\Admin\trunk\App\Conf\city.php 第 16 行.
INFO: [ app_begin ] --START--
INFO: ReadHtmlCache Behavior ::run [ RunTime:0.000924s ]
INFO: [ app_begin ] --END-- [ RunTime:0.001045s ]
SQL: SHOW COLUMNS FROM `pa_news` [ RunTime:0.030556s ]
NOTIC: [2] Missing argument 1 for Model::field(), called in D:\www\Admin\trunk\App\Lib\Model\NewsModel.class.php on line 151 and defined D:\www\Admin\trunk\ThinkPHP\Lib\Core\Model.class.php 第 1423 行.
NOTIC: [8] Undefined variable: field D:\www\Admin\trunk\ThinkPHP\Lib\Core\Model.class.php 第 1424 行.
NOTIC: [8] Undefined variable: field D:\www\Admin\trunk\ThinkPHP\Lib\Core\Model.class.php 第 1434 行.
SQL: SELECT * FROM `pa_news` WHERE ( `status` = 1 ) ORDER BY id desc LIMIT 1   [ RunTime:0.029524s ]

[ 2016-09-26T09:24:07+08:00 ] 127.0.0.1 /
SQL: SHOW COLUMNS FROM `pa_city` [ RunTime:0.030048s ]
SQL: SELECT `id`,`name`,`code` FROM `pa_city` ORDER BY id asc  [ RunTime:0.028950s ]
NOTIC: [8] Undefined variable: key D:\www\Admin\trunk\App\Conf\city.php 第 16 行.
INFO: [ app_begin ] --START--
INFO: ReadHtmlCache Behavior ::run [ RunTime:0.000771s ]
INFO: [ app_begin ] --END-- [ RunTime:0.000883s ]
SQL: SHOW COLUMNS FROM `pa_news` [ RunTime:0.030495s ]
NOTIC: [2] Missing argument 1 for Model::field(), called in D:\www\Admin\trunk\App\Lib\Model\NewsModel.class.php on line 151 and defined D:\www\Admin\trunk\ThinkPHP\Lib\Core\Model.class.php 第 1423 行.
NOTIC: [8] Undefined variable: field D:\www\Admin\trunk\ThinkPHP\Lib\Core\Model.class.php 第 1424 行.
NOTIC: [8] Undefined variable: field D:\www\Admin\trunk\ThinkPHP\Lib\Core\Model.class.php 第 1434 行.
SQL: SELECT * FROM `pa_news` WHERE ( `status` = 1 ) ORDER BY id desc LIMIT 1   [ RunTime:0.028829s ]

[ 2016-09-26T09:24:13+08:00 ] 127.0.0.1 /
SQL: SHOW COLUMNS FROM `pa_city` [ RunTime:0.029991s ]
SQL: SELECT `id`,`name`,`code` FROM `pa_city` ORDER BY id asc  [ RunTime:0.028998s ]
NOTIC: [8] Undefined variable: key D:\www\Admin\trunk\App\Conf\city.php 第 16 行.
INFO: [ app_begin ] --START--
INFO: ReadHtmlCache Behavior ::run [ RunTime:0.000534s ]
INFO: [ app_begin ] --END-- [ RunTime:0.000599s ]
SQL: SHOW COLUMNS FROM `pa_news` [ RunTime:0.030052s ]
NOTIC: [2] Missing argument 1 for Model::field(), called in D:\www\Admin\trunk\App\Lib\Model\NewsModel.class.php on line 151 and defined D:\www\Admin\trunk\ThinkPHP\Lib\Core\Model.class.php 第 1423 行.
NOTIC: [8] Undefined variable: field D:\www\Admin\trunk\ThinkPHP\Lib\Core\Model.class.php 第 1424 行.
NOTIC: [8] Undefined variable: field D:\www\Admin\trunk\ThinkPHP\Lib\Core\Model.class.php 第 1434 行.
SQL: SELECT * FROM `pa_news` WHERE ( `status` = 1 ) ORDER BY id desc LIMIT 1   [ RunTime:0.029901s ]

[ 2016-09-26T09:29:56+08:00 ] 127.0.0.1 /
SQL: SHOW COLUMNS FROM `pa_city` [ RunTime:0.035020s ]
SQL: SELECT `id`,`name`,`code` FROM `pa_city` ORDER BY id asc  [ RunTime:0.034064s ]
NOTIC: [8] Undefined variable: key D:\www\Admin\trunk\App\Conf\city.php 第 16 行.
INFO: [ app_begin ] --START--
INFO: ReadHtmlCache Behavior ::run [ RunTime:0.000911s ]
INFO: [ app_begin ] --END-- [ RunTime:0.001020s ]
SQL: SHOW COLUMNS FROM `pa_news` [ RunTime:0.035461s ]
NOTIC: [2] Missing argument 1 for Model::field(), called in D:\www\Admin\trunk\App\Lib\Model\NewsModel.class.php on line 151 and defined D:\www\Admin\trunk\ThinkPHP\Lib\Core\Model.class.php 第 1423 行.
NOTIC: [8] Undefined variable: field D:\www\Admin\trunk\ThinkPHP\Lib\Core\Model.class.php 第 1424 行.
NOTIC: [8] Undefined variable: field D:\www\Admin\trunk\ThinkPHP\Lib\Core\Model.class.php 第 1434 行.
SQL: SELECT * FROM `pa_news` WHERE ( `status` = 1 ) ORDER BY id desc LIMIT 1   [ RunTime:0.046958s ]

[ 2016-09-26T09:30:11+08:00 ] 127.0.0.1 /
SQL: SHOW COLUMNS FROM `pa_city` [ RunTime:0.030127s ]
SQL: SELECT `id`,`name`,`code` FROM `pa_city` ORDER BY id asc  [ RunTime:0.031060s ]
NOTIC: [8] Undefined variable: key D:\www\Admin\trunk\App\Conf\city.php 第 16 行.
INFO: [ app_begin ] --START--
INFO: ReadHtmlCache Behavior ::run [ RunTime:0.000903s ]
INFO: [ app_begin ] --END-- [ RunTime:0.001015s ]
SQL: SHOW COLUMNS FROM `pa_news` [ RunTime:0.029996s ]
NOTIC: [2] Missing argument 1 for Model::field(), called in D:\www\Admin\trunk\App\Lib\Model\NewsModel.class.php on line 151 and defined D:\www\Admin\trunk\ThinkPHP\Lib\Core\Model.class.php 第 1423 行.
NOTIC: [8] Undefined variable: field D:\www\Admin\trunk\ThinkPHP\Lib\Core\Model.class.php 第 1424 行.
NOTIC: [8] Undefined variable: field D:\www\Admin\trunk\ThinkPHP\Lib\Core\Model.class.php 第 1434 行.
SQL: SELECT * FROM `pa_news` WHERE ( `status` = 1 ) ORDER BY id desc LIMIT 1   [ RunTime:0.030557s ]
INFO: [ view_parse ] --START--
INFO: ParseTemplate Behavior ::run [ RunTime:0.069015s ]
INFO: [ view_parse ] --END-- [ RunTime:0.069232s ]
INFO: [ view_filter ] --START--
INFO: ContentReplace Behavior ::run [ RunTime:0.005233s ]
INFO: TokenBuild Behavior ::run [ RunTime:0.006230s ]
INFO: WriteHtmlCache Behavior ::run [ RunTime:0.001221s ]
INFO: ShowRuntime Behavior ::run [ RunTime:0.001157s ]
INFO: [ view_filter ] --END-- [ RunTime:0.014182s ]
INFO: [ view_end ] --START--
INFO: ShowPageTrace Behavior ::run [ RunTime:0.001507s ]
INFO: [ view_end ] --END-- [ RunTime:0.001608s ]

[ 2016-09-26T09:30:25+08:00 ] 127.0.0.1 /news/20.html
SQL: SHOW COLUMNS FROM `pa_city` [ RunTime:0.029112s ]
SQL: SELECT `id`,`name`,`code` FROM `pa_city` ORDER BY id asc  [ RunTime:0.028982s ]
NOTIC: [8] Undefined variable: key D:\www\Admin\trunk\App\Conf\city.php 第 16 行.
INFO: [ route_check ] --START--
INFO: CheckRoute Behavior ::run [ RunTime:0.017575s ]
INFO: [ route_check ] --END-- [ RunTime:0.017698s ]
INFO: [ app_begin ] --START--
INFO: ReadHtmlCache Behavior ::run [ RunTime:0.001016s ]
INFO: [ app_begin ] --END-- [ RunTime:0.001113s ]
SQL: SHOW COLUMNS FROM `pa_news` [ RunTime:0.029918s ]
NOTIC: [2] Missing argument 1 for Model::field(), called in D:\www\Admin\trunk\App\Lib\Model\NewsModel.class.php on line 169 and defined D:\www\Admin\trunk\ThinkPHP\Lib\Core\Model.class.php 第 1423 行.
NOTIC: [8] Undefined variable: field D:\www\Admin\trunk\ThinkPHP\Lib\Core\Model.class.php 第 1424 行.
NOTIC: [8] Undefined variable: field D:\www\Admin\trunk\ThinkPHP\Lib\Core\Model.class.php 第 1434 行.
SQL: SELECT * FROM `pa_news` WHERE ( `status` = 1 ) AND ( `id` = 20 ) LIMIT 1   [ RunTime:0.028968s ]
INFO: [ view_parse ] --START--
INFO: ParseTemplate Behavior ::run [ RunTime:0.023136s ]
INFO: [ view_parse ] --END-- [ RunTime:0.023240s ]
INFO: [ view_filter ] --START--
INFO: ContentReplace Behavior ::run [ RunTime:0.000588s ]
INFO: TokenBuild Behavior ::run [ RunTime:0.000817s ]
INFO: WriteHtmlCache Behavior ::run [ RunTime:0.000606s ]
INFO: ShowRuntime Behavior ::run [ RunTime:0.000698s ]
INFO: [ view_filter ] --END-- [ RunTime:0.003064s ]
INFO: [ view_end ] --START--
INFO: ShowPageTrace Behavior ::run [ RunTime:0.000813s ]
INFO: [ view_end ] --END-- [ RunTime:0.000896s ]

[ 2016-09-26T09:30:30+08:00 ] 127.0.0.1 /news/19.html
SQL: SHOW COLUMNS FROM `pa_city` [ RunTime:0.030066s ]
SQL: SELECT `id`,`name`,`code` FROM `pa_city` ORDER BY id asc  [ RunTime:0.029983s ]
NOTIC: [8] Undefined variable: key D:\www\Admin\trunk\App\Conf\city.php 第 16 行.
INFO: [ route_check ] --START--
INFO: CheckRoute Behavior ::run [ RunTime:0.001178s ]
INFO: [ route_check ] --END-- [ RunTime:0.001271s ]
INFO: [ app_begin ] --START--
INFO: ReadHtmlCache Behavior ::run [ RunTime:0.000545s ]
INFO: [ app_begin ] --END-- [ RunTime:0.000599s ]
SQL: SHOW COLUMNS FROM `pa_news` [ RunTime:0.030622s ]
NOTIC: [2] Missing argument 1 for Model::field(), called in D:\www\Admin\trunk\App\Lib\Model\NewsModel.class.php on line 169 and defined D:\www\Admin\trunk\ThinkPHP\Lib\Core\Model.class.php 第 1423 行.
NOTIC: [8] Undefined variable: field D:\www\Admin\trunk\ThinkPHP\Lib\Core\Model.class.php 第 1424 行.
NOTIC: [8] Undefined variable: field D:\www\Admin\trunk\ThinkPHP\Lib\Core\Model.class.php 第 1434 行.
SQL: SELECT * FROM `pa_news` WHERE ( `status` = 1 ) AND ( `id` = 19 ) LIMIT 1   [ RunTime:0.029462s ]
INFO: [ view_parse ] --START--
INFO: ParseTemplate Behavior ::run [ RunTime:0.007371s ]
INFO: [ view_parse ] --END-- [ RunTime:0.007451s ]
INFO: [ view_filter ] --START--
INFO: ContentReplace Behavior ::run [ RunTime:0.000381s ]
INFO: TokenBuild Behavior ::run [ RunTime:0.000349s ]
INFO: WriteHtmlCache Behavior ::run [ RunTime:0.000236s ]
INFO: ShowRuntime Behavior ::run [ RunTime:0.000386s ]
INFO: [ view_filter ] --END-- [ RunTime:0.001489s ]
INFO: [ view_end ] --START--
INFO: ShowPageTrace Behavior ::run [ RunTime:0.000610s ]
INFO: [ view_end ] --END-- [ RunTime:0.000673s ]

[ 2016-09-26T09:30:51+08:00 ] 127.0.0.1 /news/19.html
SQL: SHOW COLUMNS FROM `pa_city` [ RunTime:0.035091s ]
SQL: SELECT `id`,`name`,`code` FROM `pa_city` ORDER BY id asc  [ RunTime:0.034971s ]
NOTIC: [8] Undefined variable: key D:\www\Admin\trunk\App\Conf\city.php 第 16 行.
INFO: [ route_check ] --START--
INFO: CheckRoute Behavior ::run [ RunTime:0.001103s ]
INFO: [ route_check ] --END-- [ RunTime:0.001190s ]
INFO: [ app_begin ] --START--
INFO: ReadHtmlCache Behavior ::run [ RunTime:0.000692s ]
INFO: [ app_begin ] --END-- [ RunTime:0.000768s ]
SQL: SHOW COLUMNS FROM `pa_news` [ RunTime:0.035205s ]
NOTIC: [2] Missing argument 1 for Model::field(), called in D:\www\Admin\trunk\App\Lib\Model\NewsModel.class.php on line 169 and defined D:\www\Admin\trunk\ThinkPHP\Lib\Core\Model.class.php 第 1423 行.
NOTIC: [8] Undefined variable: field D:\www\Admin\trunk\ThinkPHP\Lib\Core\Model.class.php 第 1424 行.
NOTIC: [8] Undefined variable: field D:\www\Admin\trunk\ThinkPHP\Lib\Core\Model.class.php 第 1434 行.
SQL: SELECT * FROM `pa_news` WHERE ( `status` = 1 ) AND ( `id` = 19 ) LIMIT 1   [ RunTime:0.034743s ]
INFO: [ view_parse ] --START--
INFO: ParseTemplate Behavior ::run [ RunTime:0.007180s ]
INFO: [ view_parse ] --END-- [ RunTime:0.007264s ]
INFO: [ view_filter ] --START--
INFO: ContentReplace Behavior ::run [ RunTime:0.000388s ]
INFO: TokenBuild Behavior ::run [ RunTime:0.000342s ]
INFO: WriteHtmlCache Behavior ::run [ RunTime:0.000234s ]
INFO: ShowRuntime Behavior ::run [ RunTime:0.000382s ]
INFO: [ view_filter ] --END-- [ RunTime:0.001482s ]
INFO: [ view_end ] --START--
INFO: ShowPageTrace Behavior ::run [ RunTime:0.000505s ]
INFO: [ view_end ] --END-- [ RunTime:0.000555s ]

[ 2016-09-26T09:44:46+08:00 ] 127.0.0.1 /
SQL: SHOW COLUMNS FROM `pa_city` [ RunTime:0.030132s ]
SQL: SELECT `id`,`name`,`code` FROM `pa_city` ORDER BY id asc  [ RunTime:0.030769s ]
NOTIC: [8] Undefined variable: key D:\www\Admin\trunk\App\Conf\city.php 第 16 行.
INFO: [ app_begin ] --START--
INFO: ReadHtmlCache Behavior ::run [ RunTime:0.001539s ]
INFO: [ app_begin ] --END-- [ RunTime:0.001682s ]
SQL: SHOW COLUMNS FROM `pa_news` [ RunTime:0.030639s ]
NOTIC: [2] Missing argument 1 for Model::field(), called in D:\www\Admin\trunk\App\Lib\Model\NewsModel.class.php on line 151 and defined D:\www\Admin\trunk\ThinkPHP\Lib\Core\Model.class.php 第 1423 行.
NOTIC: [8] Undefined variable: field D:\www\Admin\trunk\ThinkPHP\Lib\Core\Model.class.php 第 1424 行.
NOTIC: [8] Undefined variable: field D:\www\Admin\trunk\ThinkPHP\Lib\Core\Model.class.php 第 1434 行.
SQL: SELECT * FROM `pa_news` WHERE ( `status` = 1 ) ORDER BY id desc LIMIT 1   [ RunTime:0.029153s ]
INFO: [ view_parse ] --START--
INFO: ParseTemplate Behavior ::run [ RunTime:0.015647s ]
INFO: [ view_parse ] --END-- [ RunTime:0.015777s ]
INFO: [ view_filter ] --START--
INFO: ContentReplace Behavior ::run [ RunTime:0.000842s ]
INFO: TokenBuild Behavior ::run [ RunTime:0.001222s ]
INFO: WriteHtmlCache Behavior ::run [ RunTime:0.000759s ]
INFO: ShowRuntime Behavior ::run [ RunTime:0.001116s ]
INFO: [ view_filter ] --END-- [ RunTime:0.004223s ]
INFO: [ view_end ] --START--
INFO: ShowPageTrace Behavior ::run [ RunTime:0.001499s ]
INFO: [ view_end ] --END-- [ RunTime:0.001609s ]

[ 2016-09-26T09:44:52+08:00 ] 127.0.0.1 /news/19.html
SQL: SHOW COLUMNS FROM `pa_city` [ RunTime:0.030101s ]
SQL: SELECT `id`,`name`,`code` FROM `pa_city` ORDER BY id asc  [ RunTime:0.028925s ]
NOTIC: [8] Undefined variable: key D:\www\Admin\trunk\App\Conf\city.php 第 16 行.
INFO: [ route_check ] --START--
INFO: CheckRoute Behavior ::run [ RunTime:0.001159s ]
INFO: [ route_check ] --END-- [ RunTime:0.001253s ]
INFO: [ app_begin ] --START--
INFO: ReadHtmlCache Behavior ::run [ RunTime:0.000609s ]
INFO: [ app_begin ] --END-- [ RunTime:0.000672s ]
SQL: SHOW COLUMNS FROM `pa_news` [ RunTime:0.030072s ]
NOTIC: [2] Missing argument 1 for Model::field(), called in D:\www\Admin\trunk\App\Lib\Model\NewsModel.class.php on line 169 and defined D:\www\Admin\trunk\ThinkPHP\Lib\Core\Model.class.php 第 1423 行.
NOTIC: [8] Undefined variable: field D:\www\Admin\trunk\ThinkPHP\Lib\Core\Model.class.php 第 1424 行.
NOTIC: [8] Undefined variable: field D:\www\Admin\trunk\ThinkPHP\Lib\Core\Model.class.php 第 1434 行.
SQL: SELECT * FROM `pa_news` WHERE ( `status` = 1 ) AND ( `id` = 19 ) LIMIT 1   [ RunTime:0.029520s ]
INFO: [ view_parse ] --START--
INFO: ParseTemplate Behavior ::run [ RunTime:0.006682s ]
INFO: [ view_parse ] --END-- [ RunTime:0.006766s ]
INFO: [ view_filter ] --START--
INFO: ContentReplace Behavior ::run [ RunTime:0.000496s ]
INFO: TokenBuild Behavior ::run [ RunTime:0.000489s ]
INFO: WriteHtmlCache Behavior ::run [ RunTime:0.000280s ]
INFO: ShowRuntime Behavior ::run [ RunTime:0.000393s ]
INFO: [ view_filter ] --END-- [ RunTime:0.001822s ]
INFO: [ view_end ] --START--
INFO: ShowPageTrace Behavior ::run [ RunTime:0.000558s ]
INFO: [ view_end ] --END-- [ RunTime:0.000610s ]

[ 2016-09-26T09:44:54+08:00 ] 127.0.0.1 /news/19.html
SQL: SHOW COLUMNS FROM `pa_city` [ RunTime:0.035093s ]
SQL: SELECT `id`,`name`,`code` FROM `pa_city` ORDER BY id asc  [ RunTime:0.034013s ]
NOTIC: [8] Undefined variable: key D:\www\Admin\trunk\App\Conf\city.php 第 16 行.
INFO: [ route_check ] --START--
INFO: CheckRoute Behavior ::run [ RunTime:0.001331s ]
INFO: [ route_check ] --END-- [ RunTime:0.001444s ]
INFO: [ app_begin ] --START--
INFO: ReadHtmlCache Behavior ::run [ RunTime:0.000834s ]
INFO: [ app_begin ] --END-- [ RunTime:0.000926s ]
SQL: SHOW COLUMNS FROM `pa_news` [ RunTime:0.035378s ]
NOTIC: [2] Missing argument 1 for Model::field(), called in D:\www\Admin\trunk\App\Lib\Model\NewsModel.class.php on line 169 and defined D:\www\Admin\trunk\ThinkPHP\Lib\Core\Model.class.php 第 1423 行.
NOTIC: [8] Undefined variable: field D:\www\Admin\trunk\ThinkPHP\Lib\Core\Model.class.php 第 1424 行.
NOTIC: [8] Undefined variable: field D:\www\Admin\trunk\ThinkPHP\Lib\Core\Model.class.php 第 1434 行.
SQL: SELECT * FROM `pa_news` WHERE ( `status` = 1 ) AND ( `id` = 19 ) LIMIT 1   [ RunTime:0.034475s ]
INFO: [ view_parse ] --START--
INFO: ParseTemplate Behavior ::run [ RunTime:0.012837s ]
INFO: [ view_parse ] --END-- [ RunTime:0.012943s ]
INFO: [ view_filter ] --START--
INFO: ContentReplace Behavior ::run [ RunTime:0.000528s ]
INFO: TokenBuild Behavior ::run [ RunTime:0.000458s ]
INFO: WriteHtmlCache Behavior ::run [ RunTime:0.000250s ]
INFO: ShowRuntime Behavior ::run [ RunTime:0.000389s ]
INFO: [ view_filter ] --END-- [ RunTime:0.001787s ]
INFO: [ view_end ] --START--
INFO: ShowPageTrace Behavior ::run [ RunTime:0.000518s ]
INFO: [ view_end ] --END-- [ RunTime:0.000571s ]

[ 2016-09-26T09:44:59+08:00 ] 127.0.0.1 /news/19.html
SQL: SHOW COLUMNS FROM `pa_city` [ RunTime:0.035114s ]
SQL: SELECT `id`,`name`,`code` FROM `pa_city` ORDER BY id asc  [ RunTime:0.035103s ]
NOTIC: [8] Undefined variable: key D:\www\Admin\trunk\App\Conf\city.php 第 16 行.
INFO: [ route_check ] --START--
INFO: CheckRoute Behavior ::run [ RunTime:0.001377s ]
INFO: [ route_check ] --END-- [ RunTime:0.001494s ]
INFO: [ app_begin ] --START--
INFO: ReadHtmlCache Behavior ::run [ RunTime:0.002392s ]
INFO: [ app_begin ] --END-- [ RunTime:0.002480s ]
SQL: SHOW COLUMNS FROM `pa_news` [ RunTime:0.036105s ]
NOTIC: [2] Missing argument 1 for Model::field(), called in D:\www\Admin\trunk\App\Lib\Model\NewsModel.class.php on line 169 and defined D:\www\Admin\trunk\ThinkPHP\Lib\Core\Model.class.php 第 1423 行.
NOTIC: [8] Undefined variable: field D:\www\Admin\trunk\ThinkPHP\Lib\Core\Model.class.php 第 1424 行.
NOTIC: [8] Undefined variable: field D:\www\Admin\trunk\ThinkPHP\Lib\Core\Model.class.php 第 1434 行.
SQL: SELECT * FROM `pa_news` WHERE ( `status` = 1 ) AND ( `id` = 19 ) LIMIT 1   [ RunTime:0.035478s ]
INFO: [ view_parse ] --START--
INFO: ParseTemplate Behavior ::run [ RunTime:0.006770s ]
INFO: [ view_parse ] --END-- [ RunTime:0.006845s ]
INFO: [ view_filter ] --START--
INFO: ContentReplace Behavior ::run [ RunTime:0.000371s ]
INFO: TokenBuild Behavior ::run [ RunTime:0.000343s ]
INFO: WriteHtmlCache Behavior ::run [ RunTime:0.000235s ]
INFO: ShowRuntime Behavior ::run [ RunTime:0.000389s ]
INFO: [ view_filter ] --END-- [ RunTime:0.001475s ]
INFO: [ view_end ] --START--
INFO: ShowPageTrace Behavior ::run [ RunTime:0.000512s ]
INFO: [ view_end ] --END-- [ RunTime:0.000564s ]

[ 2016-09-26T09:45:00+08:00 ] 127.0.0.1 /news/19.html
SQL: SHOW COLUMNS FROM `pa_city` [ RunTime:0.032036s ]
SQL: SELECT `id`,`name`,`code` FROM `pa_city` ORDER BY id asc  [ RunTime:0.029954s ]
NOTIC: [8] Undefined variable: key D:\www\Admin\trunk\App\Conf\city.php 第 16 行.
INFO: [ route_check ] --START--
INFO: CheckRoute Behavior ::run [ RunTime:0.001040s ]
INFO: [ route_check ] --END-- [ RunTime:0.001118s ]
INFO: [ app_begin ] --START--
INFO: ReadHtmlCache Behavior ::run [ RunTime:0.000630s ]
INFO: [ app_begin ] --END-- [ RunTime:0.000687s ]
SQL: SHOW COLUMNS FROM `pa_news` [ RunTime:0.030155s ]
NOTIC: [2] Missing argument 1 for Model::field(), called in D:\www\Admin\trunk\App\Lib\Model\NewsModel.class.php on line 169 and defined D:\www\Admin\trunk\ThinkPHP\Lib\Core\Model.class.php 第 1423 行.
NOTIC: [8] Undefined variable: field D:\www\Admin\trunk\ThinkPHP\Lib\Core\Model.class.php 第 1424 行.
NOTIC: [8] Undefined variable: field D:\www\Admin\trunk\ThinkPHP\Lib\Core\Model.class.php 第 1434 行.
SQL: SELECT * FROM `pa_news` WHERE ( `status` = 1 ) AND ( `id` = 19 ) LIMIT 1   [ RunTime:0.030379s ]
INFO: [ view_parse ] --START--
INFO: ParseTemplate Behavior ::run [ RunTime:0.007823s ]
INFO: [ view_parse ] --END-- [ RunTime:0.007907s ]
INFO: [ view_filter ] --START--
INFO: ContentReplace Behavior ::run [ RunTime:0.000487s ]
INFO: TokenBuild Behavior ::run [ RunTime:0.000447s ]
INFO: WriteHtmlCache Behavior ::run [ RunTime:0.000336s ]
INFO: ShowRuntime Behavior ::run [ RunTime:0.000479s ]
INFO: [ view_filter ] --END-- [ RunTime:0.001890s ]
INFO: [ view_end ] --START--
INFO: ShowPageTrace Behavior ::run [ RunTime:0.001846s ]
INFO: [ view_end ] --END-- [ RunTime:0.001915s ]

[ 2016-09-26T09:45:05+08:00 ] 127.0.0.1 /news/20.html
SQL: SHOW COLUMNS FROM `pa_city` [ RunTime:0.029051s ]
SQL: SELECT `id`,`name`,`code` FROM `pa_city` ORDER BY id asc  [ RunTime:0.029137s ]
NOTIC: [8] Undefined variable: key D:\www\Admin\trunk\App\Conf\city.php 第 16 行.
INFO: [ route_check ] --START--
INFO: CheckRoute Behavior ::run [ RunTime:0.000828s ]
INFO: [ route_check ] --END-- [ RunTime:0.000900s ]
INFO: [ app_begin ] --START--
INFO: ReadHtmlCache Behavior ::run [ RunTime:0.000484s ]
INFO: [ app_begin ] --END-- [ RunTime:0.000540s ]
SQL: SHOW COLUMNS FROM `pa_news` [ RunTime:0.029977s ]
NOTIC: [2] Missing argument 1 for Model::field(), called in D:\www\Admin\trunk\App\Lib\Model\NewsModel.class.php on line 169 and defined D:\www\Admin\trunk\ThinkPHP\Lib\Core\Model.class.php 第 1423 行.
NOTIC: [8] Undefined variable: field D:\www\Admin\trunk\ThinkPHP\Lib\Core\Model.class.php 第 1424 行.
NOTIC: [8] Undefined variable: field D:\www\Admin\trunk\ThinkPHP\Lib\Core\Model.class.php 第 1434 行.
SQL: SELECT * FROM `pa_news` WHERE ( `status` = 1 ) AND ( `id` = 20 ) LIMIT 1   [ RunTime:0.028952s ]
INFO: [ view_parse ] --START--
INFO: ParseTemplate Behavior ::run [ RunTime:0.006984s ]
INFO: [ view_parse ] --END-- [ RunTime:0.007060s ]
INFO: [ view_filter ] --START--
INFO: ContentReplace Behavior ::run [ RunTime:0.000389s ]
INFO: TokenBuild Behavior ::run [ RunTime:0.000340s ]
INFO: WriteHtmlCache Behavior ::run [ RunTime:0.000235s ]
INFO: ShowRuntime Behavior ::run [ RunTime:0.000398s ]
INFO: [ view_filter ] --END-- [ RunTime:0.001496s ]
INFO: [ view_end ] --START--
INFO: ShowPageTrace Behavior ::run [ RunTime:0.000638s ]
INFO: [ view_end ] --END-- [ RunTime:0.000701s ]

[ 2016-09-26T09:45:11+08:00 ] 127.0.0.1 /news/20.html
SQL: SHOW COLUMNS FROM `pa_city` [ RunTime:0.030101s ]
SQL: SELECT `id`,`name`,`code` FROM `pa_city` ORDER BY id asc  [ RunTime:0.028871s ]
NOTIC: [8] Undefined variable: key D:\www\Admin\trunk\App\Conf\city.php 第 16 行.
INFO: [ route_check ] --START--
INFO: CheckRoute Behavior ::run [ RunTime:0.000883s ]
INFO: [ route_check ] --END-- [ RunTime:0.000978s ]
INFO: [ app_begin ] --START--
INFO: ReadHtmlCache Behavior ::run [ RunTime:0.000484s ]
INFO: [ app_begin ] --END-- [ RunTime:0.000536s ]
SQL: SHOW COLUMNS FROM `pa_news` [ RunTime:0.029947s ]
NOTIC: [2] Missing argument 1 for Model::field(), called in D:\www\Admin\trunk\App\Lib\Model\NewsModel.class.php on line 169 and defined D:\www\Admin\trunk\ThinkPHP\Lib\Core\Model.class.php 第 1423 行.
NOTIC: [8] Undefined variable: field D:\www\Admin\trunk\ThinkPHP\Lib\Core\Model.class.php 第 1424 行.
NOTIC: [8] Undefined variable: field D:\www\Admin\trunk\ThinkPHP\Lib\Core\Model.class.php 第 1434 行.
SQL: SELECT * FROM `pa_news` WHERE ( `status` = 1 ) AND ( `id` = 20 ) LIMIT 1   [ RunTime:0.030779s ]
INFO: [ view_parse ] --START--
INFO: ParseTemplate Behavior ::run [ RunTime:0.012074s ]
INFO: [ view_parse ] --END-- [ RunTime:0.012189s ]
INFO: [ view_filter ] --START--
INFO: ContentReplace Behavior ::run [ RunTime:0.000643s ]
INFO: TokenBuild Behavior ::run [ RunTime:0.000596s ]
INFO: WriteHtmlCache Behavior ::run [ RunTime:0.000414s ]
INFO: ShowRuntime Behavior ::run [ RunTime:0.000699s ]
INFO: [ view_filter ] --END-- [ RunTime:0.002595s ]
INFO: [ view_end ] --START--
INFO: ShowPageTrace Behavior ::run [ RunTime:0.001002s ]
INFO: [ view_end ] --END-- [ RunTime:0.001104s ]

[ 2016-09-26T09:49:39+08:00 ] 127.0.0.1 /news/20.html
SQL: SHOW COLUMNS FROM `pa_city` [ RunTime:0.030005s ]
SQL: SELECT `id`,`name`,`code` FROM `pa_city` ORDER BY id asc  [ RunTime:0.029144s ]
NOTIC: [8] Undefined variable: key D:\www\Admin\trunk\App\Conf\city.php 第 16 行.
INFO: [ route_check ] --START--
INFO: CheckRoute Behavior ::run [ RunTime:0.001030s ]
INFO: [ route_check ] --END-- [ RunTime:0.001117s ]
INFO: [ app_begin ] --START--
INFO: ReadHtmlCache Behavior ::run [ RunTime:0.000595s ]
INFO: [ app_begin ] --END-- [ RunTime:0.000652s ]
SQL: SHOW COLUMNS FROM `pa_news` [ RunTime:0.029784s ]
NOTIC: [2] Missing argument 1 for Model::field(), called in D:\www\Admin\trunk\App\Lib\Model\NewsModel.class.php on line 169 and defined D:\www\Admin\trunk\ThinkPHP\Lib\Core\Model.class.php 第 1423 行.
NOTIC: [8] Undefined variable: field D:\www\Admin\trunk\ThinkPHP\Lib\Core\Model.class.php 第 1424 行.
NOTIC: [8] Undefined variable: field D:\www\Admin\trunk\ThinkPHP\Lib\Core\Model.class.php 第 1434 行.
SQL: SELECT * FROM `pa_news` WHERE ( `status` = 1 ) AND ( `id` = 20 ) LIMIT 1   [ RunTime:0.030514s ]
INFO: [ view_parse ] --START--
INFO: ParseTemplate Behavior ::run [ RunTime:0.007063s ]
INFO: [ view_parse ] --END-- [ RunTime:0.007140s ]
INFO: [ view_filter ] --START--
INFO: ContentReplace Behavior ::run [ RunTime:0.000490s ]
INFO: TokenBuild Behavior ::run [ RunTime:0.000451s ]
INFO: WriteHtmlCache Behavior ::run [ RunTime:0.000336s ]
INFO: ShowRuntime Behavior ::run [ RunTime:0.000507s ]
INFO: [ view_filter ] --END-- [ RunTime:0.001927s ]
INFO: [ view_end ] --START--
INFO: ShowPageTrace Behavior ::run [ RunTime:0.000775s ]
INFO: [ view_end ] --END-- [ RunTime:0.000844s ]

[ 2016-09-26T12:49:47+08:00 ] 127.0.0.1 /
SQL: SHOW COLUMNS FROM `pa_city` [ RunTime:0.030078s ]
SQL: SELECT `id`,`name`,`code` FROM `pa_city` ORDER BY id asc  [ RunTime:0.034091s ]
NOTIC: [8] Undefined variable: key D:\www\Admin\trunk\App\Conf\city.php 第 16 行.
INFO: [ app_begin ] --START--
INFO: ReadHtmlCache Behavior ::run [ RunTime:0.000774s ]
INFO: [ app_begin ] --END-- [ RunTime:0.000855s ]
SQL: SHOW COLUMNS FROM `pa_news` [ RunTime:0.030768s ]
NOTIC: [2] Missing argument 1 for Model::field(), called in D:\www\Admin\trunk\App\Lib\Model\NewsModel.class.php on line 151 and defined D:\www\Admin\trunk\ThinkPHP\Lib\Core\Model.class.php 第 1423 行.
NOTIC: [8] Undefined variable: field D:\www\Admin\trunk\ThinkPHP\Lib\Core\Model.class.php 第 1424 行.
NOTIC: [8] Undefined variable: field D:\www\Admin\trunk\ThinkPHP\Lib\Core\Model.class.php 第 1434 行.
SQL: SELECT * FROM `pa_news` WHERE ( `status` = 1 ) ORDER BY id desc LIMIT 1   [ RunTime:0.029625s ]
INFO: [ view_parse ] --START--
INFO: ParseTemplate Behavior ::run [ RunTime:0.018520s ]
INFO: [ view_parse ] --END-- [ RunTime:0.018694s ]
INFO: [ view_filter ] --START--
INFO: ContentReplace Behavior ::run [ RunTime:0.000608s ]
INFO: TokenBuild Behavior ::run [ RunTime:0.000581s ]
INFO: WriteHtmlCache Behavior ::run [ RunTime:0.000430s ]
INFO: ShowRuntime Behavior ::run [ RunTime:0.000514s ]
INFO: [ view_filter ] --END-- [ RunTime:0.002295s ]
INFO: [ view_end ] --START--
INFO: ShowPageTrace Behavior ::run [ RunTime:0.000713s ]
INFO: [ view_end ] --END-- [ RunTime:0.000765s ]

[ 2016-09-26T15:27:08+08:00 ] 127.0.0.1 /
SQL: SHOW COLUMNS FROM `pa_city` [ RunTime:0.030098s ]
SQL: SELECT `id`,`name`,`code` FROM `pa_city` ORDER BY id asc  [ RunTime:0.028921s ]
NOTIC: [8] Undefined variable: key D:\www\Admin\trunk\App\Conf\city.php 第 16 行.
INFO: [ app_begin ] --START--
INFO: ReadHtmlCache Behavior ::run [ RunTime:0.007200s ]
INFO: [ app_begin ] --END-- [ RunTime:0.007276s ]
SQL: SHOW COLUMNS FROM `pa_news` [ RunTime:0.029912s ]
NOTIC: [2] Missing argument 1 for Model::field(), called in D:\www\Admin\trunk\App\Lib\Model\NewsModel.class.php on line 151 and defined D:\www\Admin\trunk\ThinkPHP\Lib\Core\Model.class.php 第 1423 行.
NOTIC: [8] Undefined variable: field D:\www\Admin\trunk\ThinkPHP\Lib\Core\Model.class.php 第 1424 行.
NOTIC: [8] Undefined variable: field D:\www\Admin\trunk\ThinkPHP\Lib\Core\Model.class.php 第 1434 行.
SQL: SELECT * FROM `pa_news` WHERE ( `status` = 1 ) ORDER BY id desc LIMIT 1   [ RunTime:0.029659s ]
INFO: [ view_parse ] --START--
INFO: ParseTemplate Behavior ::run [ RunTime:0.043672s ]
INFO: [ view_parse ] --END-- [ RunTime:0.043774s ]
INFO: [ view_filter ] --START--
INFO: ContentReplace Behavior ::run [ RunTime:0.008396s ]
INFO: TokenBuild Behavior ::run [ RunTime:0.006306s ]
INFO: WriteHtmlCache Behavior ::run [ RunTime:0.001000s ]
INFO: ShowRuntime Behavior ::run [ RunTime:0.000840s ]
INFO: [ view_filter ] --END-- [ RunTime:0.016718s ]
INFO: [ view_end ] --START--
INFO: ShowPageTrace Behavior ::run [ RunTime:0.001064s ]
INFO: [ view_end ] --END-- [ RunTime:0.001118s ]

[ 2016-09-26T15:27:15+08:00 ] 127.0.0.1 /
SQL: SHOW COLUMNS FROM `pa_city` [ RunTime:0.030085s ]
SQL: SELECT `id`,`name`,`code` FROM `pa_city` ORDER BY id asc  [ RunTime:0.028945s ]
NOTIC: [8] Undefined variable: key D:\www\Admin\trunk\App\Conf\city.php 第 16 行.
INFO: [ app_begin ] --START--
INFO: ReadHtmlCache Behavior ::run [ RunTime:0.000586s ]
INFO: [ app_begin ] --END-- [ RunTime:0.000654s ]
SQL: SHOW COLUMNS FROM `pa_news` [ RunTime:0.030423s ]
NOTIC: [2] Missing argument 1 for Model::field(), called in D:\www\Admin\trunk\App\Lib\Model\NewsModel.class.php on line 151 and defined D:\www\Admin\trunk\ThinkPHP\Lib\Core\Model.class.php 第 1423 行.
NOTIC: [8] Undefined variable: field D:\www\Admin\trunk\ThinkPHP\Lib\Core\Model.class.php 第 1424 行.
NOTIC: [8] Undefined variable: field D:\www\Admin\trunk\ThinkPHP\Lib\Core\Model.class.php 第 1434 行.
SQL: SELECT * FROM `pa_news` WHERE ( `status` = 1 ) ORDER BY id desc LIMIT 1   [ RunTime:0.029469s ]
INFO: [ view_parse ] --START--
INFO: ParseTemplate Behavior ::run [ RunTime:0.012239s ]
INFO: [ view_parse ] --END-- [ RunTime:0.012359s ]
INFO: [ view_filter ] --START--
INFO: ContentReplace Behavior ::run [ RunTime:0.000656s ]
INFO: TokenBuild Behavior ::run [ RunTime:0.000602s ]
INFO: WriteHtmlCache Behavior ::run [ RunTime:0.000653s ]
INFO: ShowRuntime Behavior ::run [ RunTime:0.000765s ]
INFO: [ view_filter ] --END-- [ RunTime:0.002929s ]
INFO: [ view_end ] --START--
INFO: ShowPageTrace Behavior ::run [ RunTime:0.001109s ]
INFO: [ view_end ] --END-- [ RunTime:0.001198s ]

[ 2016-09-26T15:27:20+08:00 ] 127.0.0.1 /news/20.html
SQL: SHOW COLUMNS FROM `pa_city` [ RunTime:0.030348s ]
SQL: SELECT `id`,`name`,`code` FROM `pa_city` ORDER BY id asc  [ RunTime:0.028938s ]
NOTIC: [8] Undefined variable: key D:\www\Admin\trunk\App\Conf\city.php 第 16 行.
INFO: [ route_check ] --START--
INFO: CheckRoute Behavior ::run [ RunTime:0.015948s ]
INFO: [ route_check ] --END-- [ RunTime:0.016036s ]
INFO: [ app_begin ] --START--
INFO: ReadHtmlCache Behavior ::run [ RunTime:0.000562s ]
INFO: [ app_begin ] --END-- [ RunTime:0.000615s ]
SQL: SHOW COLUMNS FROM `pa_news` [ RunTime:0.029363s ]
NOTIC: [2] Missing argument 1 for Model::field(), called in D:\www\Admin\trunk\App\Lib\Model\NewsModel.class.php on line 169 and defined D:\www\Admin\trunk\ThinkPHP\Lib\Core\Model.class.php 第 1423 行.
NOTIC: [8] Undefined variable: field D:\www\Admin\trunk\ThinkPHP\Lib\Core\Model.class.php 第 1424 行.
NOTIC: [8] Undefined variable: field D:\www\Admin\trunk\ThinkPHP\Lib\Core\Model.class.php 第 1434 行.
SQL: SELECT * FROM `pa_news` WHERE ( `status` = 1 ) AND ( `id` = 20 ) LIMIT 1   [ RunTime:0.028998s ]
INFO: [ view_parse ] --START--
INFO: ParseTemplate Behavior ::run [ RunTime:0.007553s ]
INFO: [ view_parse ] --END-- [ RunTime:0.007642s ]
INFO: [ view_filter ] --START--
INFO: ContentReplace Behavior ::run [ RunTime:0.000451s ]
INFO: TokenBuild Behavior ::run [ RunTime:0.000722s ]
INFO: WriteHtmlCache Behavior ::run [ RunTime:0.000554s ]
INFO: ShowRuntime Behavior ::run [ RunTime:0.000454s ]
INFO: [ view_filter ] --END-- [ RunTime:0.002359s ]
INFO: [ view_end ] --START--
INFO: ShowPageTrace Behavior ::run [ RunTime:0.000753s ]
INFO: [ view_end ] --END-- [ RunTime:0.000818s ]

[ 2016-09-26T15:30:44+08:00 ] 127.0.0.1 /Admin
SQL: SHOW COLUMNS FROM `pa_city` [ RunTime:0.029065s ]
SQL: SELECT `id`,`name`,`code` FROM `pa_city` ORDER BY id asc  [ RunTime:0.029185s ]
NOTIC: [8] Undefined variable: key D:\www\Admin\trunk\App\Conf\city.php 第 16 行.
INFO: [ route_check ] --START--
INFO: CheckRoute Behavior ::run [ RunTime:0.001616s ]
INFO: [ route_check ] --END-- [ RunTime:0.001734s ]
NOTIC: [8] Undefined variable: DB_PREFIX D:\www\Admin\trunk\App\Conf\Admin\config.php 第 71 行.
NOTIC: [8] Undefined variable: DB_PREFIX D:\www\Admin\trunk\App\Conf\Admin\config.php 第 72 行.
NOTIC: [8] Undefined variable: DB_PREFIX D:\www\Admin\trunk\App\Conf\Admin\config.php 第 73 行.
NOTIC: [8] Undefined variable: DB_PREFIX D:\www\Admin\trunk\App\Conf\Admin\config.php 第 74 行.
INFO: [ app_begin ] --START--
INFO: ReadHtmlCache Behavior ::run [ RunTime:0.001137s ]
INFO: [ app_begin ] --END-- [ RunTime:0.001246s ]

[ 2016-09-26T15:30:44+08:00 ] 127.0.0.1 /Admin/Public/index.html
SQL: SHOW COLUMNS FROM `pa_city` [ RunTime:0.030081s ]
SQL: SELECT `id`,`name`,`code` FROM `pa_city` ORDER BY id asc  [ RunTime:0.029285s ]
NOTIC: [8] Undefined variable: key D:\www\Admin\trunk\App\Conf\city.php 第 16 行.
INFO: [ route_check ] --START--
INFO: CheckRoute Behavior ::run [ RunTime:0.000863s ]
INFO: [ route_check ] --END-- [ RunTime:0.000935s ]
NOTIC: [8] Undefined variable: DB_PREFIX D:\www\Admin\trunk\App\Conf\Admin\config.php 第 71 行.
NOTIC: [8] Undefined variable: DB_PREFIX D:\www\Admin\trunk\App\Conf\Admin\config.php 第 72 行.
NOTIC: [8] Undefined variable: DB_PREFIX D:\www\Admin\trunk\App\Conf\Admin\config.php 第 73 行.
NOTIC: [8] Undefined variable: DB_PREFIX D:\www\Admin\trunk\App\Conf\Admin\config.php 第 74 行.
INFO: [ app_begin ] --START--
INFO: ReadHtmlCache Behavior ::run [ RunTime:0.000558s ]
INFO: [ app_begin ] --END-- [ RunTime:0.000612s ]
NOTIC: [8] Undefined variable: systemConfig D:\www\Admin\trunk\App\Lib\Action\Admin\PublicAction.class.php 第 57 行.
INFO: [ view_parse ] --START--
INFO: ParseTemplate Behavior ::run [ RunTime:0.056196s ]
INFO: [ view_parse ] --END-- [ RunTime:0.056304s ]
INFO: [ view_filter ] --START--
INFO: ContentReplace Behavior ::run [ RunTime:0.000674s ]
INFO: TokenBuild Behavior ::run [ RunTime:0.000508s ]
INFO: WriteHtmlCache Behavior ::run [ RunTime:0.000415s ]
INFO: ShowRuntime Behavior ::run [ RunTime:0.000480s ]
INFO: [ view_filter ] --END-- [ RunTime:0.002238s ]
INFO: [ view_end ] --START--
INFO: ShowPageTrace Behavior ::run [ RunTime:0.000682s ]
INFO: [ view_end ] --END-- [ RunTime:0.000731s ]

[ 2016-09-26T15:30:45+08:00 ] 127.0.0.1 /Admin/Public/verify_code.html
SQL: SHOW COLUMNS FROM `pa_city` [ RunTime:0.030016s ]
SQL: SELECT `id`,`name`,`code` FROM `pa_city` ORDER BY id asc  [ RunTime:0.029872s ]
NOTIC: [8] Undefined variable: key D:\www\Admin\trunk\App\Conf\city.php 第 16 行.
INFO: [ route_check ] --START--
INFO: CheckRoute Behavior ::run [ RunTime:0.000873s ]
INFO: [ route_check ] --END-- [ RunTime:0.000950s ]
NOTIC: [8] Undefined variable: DB_PREFIX D:\www\Admin\trunk\App\Conf\Admin\config.php 第 71 行.
NOTIC: [8] Undefined variable: DB_PREFIX D:\www\Admin\trunk\App\Conf\Admin\config.php 第 72 行.
NOTIC: [8] Undefined variable: DB_PREFIX D:\www\Admin\trunk\App\Conf\Admin\config.php 第 73 行.
NOTIC: [8] Undefined variable: DB_PREFIX D:\www\Admin\trunk\App\Conf\Admin\config.php 第 74 行.
INFO: [ app_begin ] --START--
INFO: ReadHtmlCache Behavior ::run [ RunTime:0.000537s ]
INFO: [ app_begin ] --END-- [ RunTime:0.000599s ]

[ 2016-09-26T15:30:49+08:00 ] 127.0.0.1 /Admin/Public/index.html
SQL: SHOW COLUMNS FROM `pa_city` [ RunTime:0.030128s ]
SQL: SELECT `id`,`name`,`code` FROM `pa_city` ORDER BY id asc  [ RunTime:0.029941s ]
NOTIC: [8] Undefined variable: key D:\www\Admin\trunk\App\Conf\city.php 第 16 行.
INFO: [ route_check ] --START--
INFO: CheckRoute Behavior ::run [ RunTime:0.001398s ]
INFO: [ route_check ] --END-- [ RunTime:0.001518s ]
NOTIC: [8] Undefined variable: DB_PREFIX D:\www\Admin\trunk\App\Conf\Admin\config.php 第 71 行.
NOTIC: [8] Undefined variable: DB_PREFIX D:\www\Admin\trunk\App\Conf\Admin\config.php 第 72 行.
NOTIC: [8] Undefined variable: DB_PREFIX D:\www\Admin\trunk\App\Conf\Admin\config.php 第 73 行.
NOTIC: [8] Undefined variable: DB_PREFIX D:\www\Admin\trunk\App\Conf\Admin\config.php 第 74 行.
INFO: [ app_begin ] --START--
INFO: ReadHtmlCache Behavior ::run [ RunTime:0.000886s ]
INFO: [ app_begin ] --END-- [ RunTime:0.000976s ]
SQL: SHOW COLUMNS FROM `pa_admin` [ RunTime:0.030045s ]
SQL: SHOW COLUMNS FROM `pa_public` [ RunTime:0.029953s ]
ERR: 1146:Table 'r00949f37y.pa_public' doesn't exist
 [ SQL语句 ] : SHOW COLUMNS FROM `pa_public`
NOTIC: [2] Missing argument 1 for PublicModel::auth(), called in D:\www\Admin\trunk\App\Lib\Action\Admin\PublicAction.class.php on line 34 and defined D:\www\Admin\trunk\App\Lib\Model\PublicModel.class.php 第 5 行.

[ 2016-09-26T15:30:54+08:00 ] 127.0.0.1 /Admin/Public/index.html
SQL: SHOW COLUMNS FROM `pa_city` [ RunTime:0.030044s ]
SQL: SELECT `id`,`name`,`code` FROM `pa_city` ORDER BY id asc  [ RunTime:0.029009s ]
NOTIC: [8] Undefined variable: key D:\www\Admin\trunk\App\Conf\city.php 第 16 行.
INFO: [ route_check ] --START--
INFO: CheckRoute Behavior ::run [ RunTime:0.000846s ]
INFO: [ route_check ] --END-- [ RunTime:0.000920s ]
NOTIC: [8] Undefined variable: DB_PREFIX D:\www\Admin\trunk\App\Conf\Admin\config.php 第 71 行.
NOTIC: [8] Undefined variable: DB_PREFIX D:\www\Admin\trunk\App\Conf\Admin\config.php 第 72 行.
NOTIC: [8] Undefined variable: DB_PREFIX D:\www\Admin\trunk\App\Conf\Admin\config.php 第 73 行.
NOTIC: [8] Undefined variable: DB_PREFIX D:\www\Admin\trunk\App\Conf\Admin\config.php 第 74 行.
INFO: [ app_begin ] --START--
INFO: ReadHtmlCache Behavior ::run [ RunTime:0.000505s ]
INFO: [ app_begin ] --END-- [ RunTime:0.000561s ]
NOTIC: [8] Undefined variable: systemConfig D:\www\Admin\trunk\App\Lib\Action\Admin\PublicAction.class.php 第 57 行.
INFO: [ view_parse ] --START--
INFO: ParseTemplate Behavior ::run [ RunTime:0.007437s ]
INFO: [ view_parse ] --END-- [ RunTime:0.007529s ]
INFO: [ view_filter ] --START--
INFO: ContentReplace Behavior ::run [ RunTime:0.000371s ]
INFO: TokenBuild Behavior ::run [ RunTime:0.000367s ]
INFO: WriteHtmlCache Behavior ::run [ RunTime:0.000379s ]
INFO: ShowRuntime Behavior ::run [ RunTime:0.000430s ]
INFO: [ view_filter ] --END-- [ RunTime:0.001698s ]
INFO: [ view_end ] --START--
INFO: ShowPageTrace Behavior ::run [ RunTime:0.000637s ]
INFO: [ view_end ] --END-- [ RunTime:0.000688s ]

[ 2016-09-26T15:30:54+08:00 ] 127.0.0.1 /Admin/Public/verify_code.html
SQL: SHOW COLUMNS FROM `pa_city` [ RunTime:0.029132s ]
SQL: SELECT `id`,`name`,`code` FROM `pa_city` ORDER BY id asc  [ RunTime:0.028839s ]
NOTIC: [8] Undefined variable: key D:\www\Admin\trunk\App\Conf\city.php 第 16 行.
INFO: [ route_check ] --START--
INFO: CheckRoute Behavior ::run [ RunTime:0.000826s ]
INFO: [ route_check ] --END-- [ RunTime:0.000897s ]
NOTIC: [8] Undefined variable: DB_PREFIX D:\www\Admin\trunk\App\Conf\Admin\config.php 第 71 行.
NOTIC: [8] Undefined variable: DB_PREFIX D:\www\Admin\trunk\App\Conf\Admin\config.php 第 72 行.
NOTIC: [8] Undefined variable: DB_PREFIX D:\www\Admin\trunk\App\Conf\Admin\config.php 第 73 行.
NOTIC: [8] Undefined variable: DB_PREFIX D:\www\Admin\trunk\App\Conf\Admin\config.php 第 74 行.
INFO: [ app_begin ] --START--
INFO: ReadHtmlCache Behavior ::run [ RunTime:0.000505s ]
INFO: [ app_begin ] --END-- [ RunTime:0.000561s ]

[ 2016-09-26T15:30:58+08:00 ] 127.0.0.1 /Admin/Public/index.html
SQL: SHOW COLUMNS FROM `pa_city` [ RunTime:0.030040s ]
SQL: SELECT `id`,`name`,`code` FROM `pa_city` ORDER BY id asc  [ RunTime:0.029186s ]
NOTIC: [8] Undefined variable: key D:\www\Admin\trunk\App\Conf\city.php 第 16 行.
INFO: [ route_check ] --START--
INFO: CheckRoute Behavior ::run [ RunTime:0.001427s ]
INFO: [ route_check ] --END-- [ RunTime:0.001536s ]
NOTIC: [8] Undefined variable: DB_PREFIX D:\www\Admin\trunk\App\Conf\Admin\config.php 第 71 行.
NOTIC: [8] Undefined variable: DB_PREFIX D:\www\Admin\trunk\App\Conf\Admin\config.php 第 72 行.
NOTIC: [8] Undefined variable: DB_PREFIX D:\www\Admin\trunk\App\Conf\Admin\config.php 第 73 行.
NOTIC: [8] Undefined variable: DB_PREFIX D:\www\Admin\trunk\App\Conf\Admin\config.php 第 74 行.
INFO: [ app_begin ] --START--
INFO: ReadHtmlCache Behavior ::run [ RunTime:0.000883s ]
INFO: [ app_begin ] --END-- [ RunTime:0.000975s ]
SQL: SHOW COLUMNS FROM `pa_admin` [ RunTime:0.030177s ]
SQL: SHOW COLUMNS FROM `pa_public` [ RunTime:0.028857s ]
ERR: 1146:Table 'r00949f37y.pa_public' doesn't exist
 [ SQL语句 ] : SHOW COLUMNS FROM `pa_public`
NOTIC: [2] Missing argument 1 for PublicModel::auth(), called in D:\www\Admin\trunk\App\Lib\Action\Admin\PublicAction.class.php on line 34 and defined D:\www\Admin\trunk\App\Lib\Model\PublicModel.class.php 第 5 行.
SQL: SELECT COUNT(*) AS tp_count FROM `pa_admin` WHERE ( `email`='admin@admin.com' ) LIMIT 1   [ RunTime:0.028692s ]
SQL: SELECT * FROM `pa_admin` WHERE ( `email`='admin@admin.com' ) LIMIT 1   [ RunTime:0.028871s ]
NOTIC: 建议使用I方法替代_post
SQL: SELECT * FROM `pa_admin` WHERE ( `email` = 'admin@admin.com' ) LIMIT 1   [ RunTime:0.028757s ]

[ 2016-09-26T15:31:00+08:00 ] 127.0.0.1 /Admin/Index/index.html
SQL: SHOW COLUMNS FROM `pa_city` [ RunTime:0.029099s ]
SQL: SELECT `id`,`name`,`code` FROM `pa_city` ORDER BY id asc  [ RunTime:0.028049s ]
NOTIC: [8] Undefined variable: key D:\www\Admin\trunk\App\Conf\city.php 第 16 行.
INFO: [ route_check ] --START--
INFO: CheckRoute Behavior ::run [ RunTime:0.001376s ]
INFO: [ route_check ] --END-- [ RunTime:0.001490s ]
NOTIC: [8] Undefined variable: DB_PREFIX D:\www\Admin\trunk\App\Conf\Admin\config.php 第 71 行.
NOTIC: [8] Undefined variable: DB_PREFIX D:\www\Admin\trunk\App\Conf\Admin\config.php 第 72 行.
NOTIC: [8] Undefined variable: DB_PREFIX D:\www\Admin\trunk\App\Conf\Admin\config.php 第 73 行.
NOTIC: [8] Undefined variable: DB_PREFIX D:\www\Admin\trunk\App\Conf\Admin\config.php 第 74 行.
INFO: [ app_begin ] --START--
INFO: ReadHtmlCache Behavior ::run [ RunTime:0.000902s ]
INFO: [ app_begin ] --END-- [ RunTime:0.001001s ]
NOTIC: [8] Undefined variable: module D:\www\Admin\trunk\App\Lib\Action\Admin\CommonAction.class.php 第 142 行.
NOTIC: [8] Undefined variable: module D:\www\Admin\trunk\App\Lib\Action\Admin\CommonAction.class.php 第 142 行.
NOTIC: [8] Undefined index:  D:\www\Admin\trunk\App\Lib\Action\Admin\CommonAction.class.php 第 142 行.
NOTIC: [8] Undefined variable: module D:\www\Admin\trunk\App\Lib\Action\Admin\CommonAction.class.php 第 148 行.
NOTIC: [8] Undefined variable: module D:\www\Admin\trunk\App\Lib\Action\Admin\CommonAction.class.php 第 148 行.
NOTIC: [8] Undefined variable: module D:\www\Admin\trunk\App\Lib\Action\Admin\CommonAction.class.php 第 148 行.
NOTIC: [8] Undefined variable: module D:\www\Admin\trunk\App\Lib\Action\Admin\CommonAction.class.php 第 148 行.
NOTIC: [8] Undefined variable: module D:\www\Admin\trunk\App\Lib\Action\Admin\CommonAction.class.php 第 145 行.
NOTIC: [8] Undefined variable: menu D:\www\Admin\trunk\App\Lib\Action\Admin\CommonAction.class.php 第 214 行.
NOTIC: [8] Undefined index:  D:\www\Admin\trunk\App\Lib\Action\Admin\CommonAction.class.php 第 214 行.
NOTIC: [8] Undefined variable: systemConfig D:\www\Admin\trunk\App\Lib\Action\Admin\CommonAction.class.php 第 48 行.
INFO: [ view_parse ] --START--
NOTIC: [8] Undefined variable: QRcodeUrl D:\www\Admin\trunk\Runtime\Cache\admin\d19c3bcb9a5477a0b6531abed443c5f7.php 第 49 行.
NOTIC: [8] Undefined variable: caches D:\www\Admin\trunk\Runtime\Cache\admin\d19c3bcb9a5477a0b6531abed443c5f7.php 第 60 行.
INFO: ParseTemplate Behavior ::run [ RunTime:0.073205s ]
INFO: [ view_parse ] --END-- [ RunTime:0.073327s ]
INFO: [ view_filter ] --START--
INFO: ContentReplace Behavior ::run [ RunTime:0.000671s ]
INFO: TokenBuild Behavior ::run [ RunTime:0.000724s ]
INFO: WriteHtmlCache Behavior ::run [ RunTime:0.001001s ]
INFO: ShowRuntime Behavior ::run [ RunTime:0.000833s ]
INFO: [ view_filter ] --END-- [ RunTime:0.003517s ]
INFO: [ view_end ] --START--
INFO: ShowPageTrace Behavior ::run [ RunTime:0.001235s ]
INFO: [ view_end ] --END-- [ RunTime:0.001325s ]

[ 2016-09-26T15:31:04+08:00 ] 127.0.0.1 /Admin/Member/index.html
SQL: SHOW COLUMNS FROM `pa_city` [ RunTime:0.030024s ]
SQL: SELECT `id`,`name`,`code` FROM `pa_city` ORDER BY id asc  [ RunTime:0.030040s ]
NOTIC: [8] Undefined variable: key D:\www\Admin\trunk\App\Conf\city.php 第 16 行.
INFO: [ route_check ] --START--
INFO: CheckRoute Behavior ::run [ RunTime:0.000934s ]
INFO: [ route_check ] --END-- [ RunTime:0.001028s ]
NOTIC: [8] Undefined variable: DB_PREFIX D:\www\Admin\trunk\App\Conf\Admin\config.php 第 71 行.
NOTIC: [8] Undefined variable: DB_PREFIX D:\www\Admin\trunk\App\Conf\Admin\config.php 第 72 行.
NOTIC: [8] Undefined variable: DB_PREFIX D:\www\Admin\trunk\App\Conf\Admin\config.php 第 73 行.
NOTIC: [8] Undefined variable: DB_PREFIX D:\www\Admin\trunk\App\Conf\Admin\config.php 第 74 行.
INFO: [ app_begin ] --START--
INFO: ReadHtmlCache Behavior ::run [ RunTime:0.000672s ]
INFO: [ app_begin ] --END-- [ RunTime:0.000747s ]
NOTIC: [8] Undefined variable: systemConfig D:\www\Admin\trunk\App\Lib\Action\Admin\CommonAction.class.php 第 48 行.
SQL: SHOW COLUMNS FROM `pa_member` [ RunTime:0.031545s ]
SQL: SELECT COUNT(*) AS tp_count FROM `pa_member` LIMIT 1   [ RunTime:0.028621s ]
SQL: SELECT * FROM `pa_member` ORDER BY uid desc LIMIT 0,20   [ RunTime:0.029054s ]
NOTIC: [8] Undefined index: showpage D:\www\Admin\trunk\App\Lib\Action\Admin\MemberAction.class.php 第 11 行.
INFO: [ view_parse ] --START--
NOTIC: [8] Undefined index: sub D:\www\Admin\trunk\Runtime\Cache\admin\9a60b5618974bb16a37d199af1eb41b0.php 第 44 行.
NOTIC: [8] Undefined variable: QRcodeUrl D:\www\Admin\trunk\Runtime\Cache\admin\9a60b5618974bb16a37d199af1eb41b0.php 第 49 行.
NOTIC: [8] Undefined variable: vo D:\www\Admin\trunk\Runtime\Cache\admin\9a60b5618974bb16a37d199af1eb41b0.php 第 66 行.
INFO: ParseTemplate Behavior ::run [ RunTime:0.052340s ]
INFO: [ view_parse ] --END-- [ RunTime:0.052444s ]
INFO: [ view_filter ] --START--
INFO: ContentReplace Behavior ::run [ RunTime:0.000638s ]
INFO: TokenBuild Behavior ::run [ RunTime:0.000602s ]
INFO: WriteHtmlCache Behavior ::run [ RunTime:0.000665s ]
INFO: ShowRuntime Behavior ::run [ RunTime:0.000825s ]
INFO: [ view_filter ] --END-- [ RunTime:0.003069s ]
INFO: [ view_end ] --START--
INFO: ShowPageTrace Behavior ::run [ RunTime:0.001555s ]
INFO: [ view_end ] --END-- [ RunTime:0.001701s ]

[ 2016-09-26T15:31:19+08:00 ] 127.0.0.1 /Admin/News/index.html
SQL: SHOW COLUMNS FROM `pa_city` [ RunTime:0.030057s ]
SQL: SELECT `id`,`name`,`code` FROM `pa_city` ORDER BY id asc  [ RunTime:0.030185s ]
NOTIC: [8] Undefined variable: key D:\www\Admin\trunk\App\Conf\city.php 第 16 行.
INFO: [ route_check ] --START--
INFO: CheckRoute Behavior ::run [ RunTime:0.000850s ]
INFO: [ route_check ] --END-- [ RunTime:0.000923s ]
NOTIC: [8] Undefined variable: DB_PREFIX D:\www\Admin\trunk\App\Conf\Admin\config.php 第 71 行.
NOTIC: [8] Undefined variable: DB_PREFIX D:\www\Admin\trunk\App\Conf\Admin\config.php 第 72 行.
NOTIC: [8] Undefined variable: DB_PREFIX D:\www\Admin\trunk\App\Conf\Admin\config.php 第 73 行.
NOTIC: [8] Undefined variable: DB_PREFIX D:\www\Admin\trunk\App\Conf\Admin\config.php 第 74 行.
INFO: [ app_begin ] --START--
INFO: ReadHtmlCache Behavior ::run [ RunTime:0.000508s ]
INFO: [ app_begin ] --END-- [ RunTime:0.000563s ]
NOTIC: [8] Undefined variable: systemConfig D:\www\Admin\trunk\App\Lib\Action\Admin\CommonAction.class.php 第 48 行.
SQL: SHOW COLUMNS FROM `pa_news` [ RunTime:0.030849s ]
NOTIC: [2] Missing argument 1 for Model::where(), called in D:\www\Admin\trunk\App\Lib\Model\NewsModel.class.php on line 45 and defined D:\www\Admin\trunk\ThinkPHP\Lib\Core\Model.class.php 第 1480 行.
NOTIC: [8] Undefined variable: where D:\www\Admin\trunk\ThinkPHP\Lib\Core\Model.class.php 第 1488 行.
NOTIC: [8] Undefined variable: where D:\www\Admin\trunk\ThinkPHP\Lib\Core\Model.class.php 第 1491 行.
NOTIC: [8] Undefined variable: where D:\www\Admin\trunk\ThinkPHP\Lib\Core\Model.class.php 第 1499 行.
SQL: SELECT COUNT(*) AS tp_count FROM `pa_news` LIMIT 1   [ RunTime:0.029330s ]
SQL: SELECT n.id,n.title,n.status,n.published,a.email,a.nickname,c.name FROM pa_news n LEFT JOIN pa_admin a on a.aid=n.aid LEFT JOIN pa_category c on c.cid=n.cid ORDER BY n.id desc LIMIT 0,20   [ RunTime:0.029768s ]
INFO: [ view_parse ] --START--
NOTIC: [8] Undefined index: sub D:\www\Admin\trunk\Runtime\Cache\admin\71b660708966cfe24f85a1955252df64.php 第 44 行.
NOTIC: [8] Undefined variable: QRcodeUrl D:\www\Admin\trunk\Runtime\Cache\admin\71b660708966cfe24f85a1955252df64.php 第 49 行.
INFO: ParseTemplate Behavior ::run [ RunTime:0.034250s ]
INFO: [ view_parse ] --END-- [ RunTime:0.034353s ]
INFO: [ view_filter ] --START--
INFO: ContentReplace Behavior ::run [ RunTime:0.000575s ]
INFO: TokenBuild Behavior ::run [ RunTime:0.000387s ]
INFO: WriteHtmlCache Behavior ::run [ RunTime:0.000385s ]
INFO: ShowRuntime Behavior ::run [ RunTime:0.000437s ]
INFO: [ view_filter ] --END-- [ RunTime:0.001942s ]
INFO: [ view_end ] --START--
INFO: ShowPageTrace Behavior ::run [ RunTime:0.000638s ]
INFO: [ view_end ] --END-- [ RunTime:0.000688s ]

[ 2016-09-26T15:31:22+08:00 ] 127.0.0.1 /Admin/SysData/index.html
SQL: SHOW COLUMNS FROM `pa_city` [ RunTime:0.030062s ]
SQL: SELECT `id`,`name`,`code` FROM `pa_city` ORDER BY id asc  [ RunTime:0.029165s ]
NOTIC: [8] Undefined variable: key D:\www\Admin\trunk\App\Conf\city.php 第 16 行.
INFO: [ route_check ] --START--
INFO: CheckRoute Behavior ::run [ RunTime:0.000824s ]
INFO: [ route_check ] --END-- [ RunTime:0.000895s ]
NOTIC: [8] Undefined variable: DB_PREFIX D:\www\Admin\trunk\App\Conf\Admin\config.php 第 71 行.
NOTIC: [8] Undefined variable: DB_PREFIX D:\www\Admin\trunk\App\Conf\Admin\config.php 第 72 行.
NOTIC: [8] Undefined variable: DB_PREFIX D:\www\Admin\trunk\App\Conf\Admin\config.php 第 73 行.
NOTIC: [8] Undefined variable: DB_PREFIX D:\www\Admin\trunk\App\Conf\Admin\config.php 第 74 行.
INFO: [ app_begin ] --START--
INFO: ReadHtmlCache Behavior ::run [ RunTime:0.000573s ]
INFO: [ app_begin ] --END-- [ RunTime:0.000634s ]
NOTIC: [8] Undefined variable: systemConfig D:\www\Admin\trunk\App\Lib\Action\Admin\CommonAction.class.php 第 48 行.
SQL: SHOW TABLE STATUS [ RunTime:0.030639s ]
INFO: [ view_parse ] --START--
NOTIC: [8] Undefined index: sub D:\www\Admin\trunk\Runtime\Cache\admin\f1ad677401224b1cbf56f7445a4acbfd.php 第 44 行.
NOTIC: [8] Undefined index: sub D:\www\Admin\trunk\Runtime\Cache\admin\f1ad677401224b1cbf56f7445a4acbfd.php 第 44 行.
NOTIC: [8] Undefined index: sub D:\www\Admin\trunk\Runtime\Cache\admin\f1ad677401224b1cbf56f7445a4acbfd.php 第 44 行.
NOTIC: [8] Undefined index: sub D:\www\Admin\trunk\Runtime\Cache\admin\f1ad677401224b1cbf56f7445a4acbfd.php 第 44 行.
NOTIC: [8] Undefined variable: QRcodeUrl D:\www\Admin\trunk\Runtime\Cache\admin\f1ad677401224b1cbf56f7445a4acbfd.php 第 49 行.
INFO: ParseTemplate Behavior ::run [ RunTime:0.044966s ]
INFO: [ view_parse ] --END-- [ RunTime:0.045070s ]
INFO: [ view_filter ] --START--
INFO: ContentReplace Behavior ::run [ RunTime:0.000768s ]
INFO: TokenBuild Behavior ::run [ RunTime:0.000775s ]
INFO: WriteHtmlCache Behavior ::run [ RunTime:0.000988s ]
INFO: ShowRuntime Behavior ::run [ RunTime:0.001713s ]
INFO: [ view_filter ] --END-- [ RunTime:0.004527s ]
INFO: [ view_end ] --START--
INFO: ShowPageTrace Behavior ::run [ RunTime:0.003428s ]
INFO: [ view_end ] --END-- [ RunTime:0.003560s ]

[ 2016-09-26T15:31:28+08:00 ] 127.0.0.1 /Admin/Access/index.html
SQL: SHOW COLUMNS FROM `pa_city` [ RunTime:0.030190s ]
SQL: SELECT `id`,`name`,`code` FROM `pa_city` ORDER BY id asc  [ RunTime:0.028917s ]
NOTIC: [8] Undefined variable: key D:\www\Admin\trunk\App\Conf\city.php 第 16 行.
INFO: [ route_check ] --START--
INFO: CheckRoute Behavior ::run [ RunTime:0.000863s ]
INFO: [ route_check ] --END-- [ RunTime:0.000939s ]
NOTIC: [8] Undefined variable: DB_PREFIX D:\www\Admin\trunk\App\Conf\Admin\config.php 第 71 行.
NOTIC: [8] Undefined variable: DB_PREFIX D:\www\Admin\trunk\App\Conf\Admin\config.php 第 72 行.
NOTIC: [8] Undefined variable: DB_PREFIX D:\www\Admin\trunk\App\Conf\Admin\config.php 第 73 行.
NOTIC: [8] Undefined variable: DB_PREFIX D:\www\Admin\trunk\App\Conf\Admin\config.php 第 74 行.
INFO: [ app_begin ] --START--
INFO: ReadHtmlCache Behavior ::run [ RunTime:0.000541s ]
INFO: [ app_begin ] --END-- [ RunTime:0.000607s ]
NOTIC: [8] Undefined variable: systemConfig D:\www\Admin\trunk\App\Lib\Action\Admin\CommonAction.class.php 第 48 行.
SQL: SHOW COLUMNS FROM `pa_access` [ RunTime:0.030207s ]
SQL: SHOW COLUMNS FROM `pa_admin` [ RunTime:0.029742s ]
SQL: SELECT * FROM `pa_admin`  [ RunTime:0.028748s ]
INFO: [ view_parse ] --START--
NOTIC: [8] Undefined index: sub D:\www\Admin\trunk\Runtime\Cache\admin\a7af697f7e01a232648df82b1b1c94c9.php 第 44 行.
NOTIC: [8] Undefined index: sub D:\www\Admin\trunk\Runtime\Cache\admin\a7af697f7e01a232648df82b1b1c94c9.php 第 44 行.
NOTIC: [8] Undefined index: sub D:\www\Admin\trunk\Runtime\Cache\admin\a7af697f7e01a232648df82b1b1c94c9.php 第 44 行.
NOTIC: [8] Undefined index: sub D:\www\Admin\trunk\Runtime\Cache\admin\a7af697f7e01a232648df82b1b1c94c9.php 第 44 行.
NOTIC: [8] Undefined index: sub D:\www\Admin\trunk\Runtime\Cache\admin\a7af697f7e01a232648df82b1b1c94c9.php 第 44 行.
NOTIC: [8] Undefined index: sub D:\www\Admin\trunk\Runtime\Cache\admin\a7af697f7e01a232648df82b1b1c94c9.php 第 44 行.
NOTIC: [8] Undefined variable: QRcodeUrl D:\www\Admin\trunk\Runtime\Cache\admin\a7af697f7e01a232648df82b1b1c94c9.php 第 49 行.
INFO: ParseTemplate Behavior ::run [ RunTime:0.024789s ]
INFO: [ view_parse ] --END-- [ RunTime:0.024875s ]
INFO: [ view_filter ] --START--
INFO: ContentReplace Behavior ::run [ RunTime:0.000399s ]
INFO: TokenBuild Behavior ::run [ RunTime:0.000346s ]
INFO: WriteHtmlCache Behavior ::run [ RunTime:0.000400s ]
INFO: ShowRuntime Behavior ::run [ RunTime:0.000432s ]
INFO: [ view_filter ] --END-- [ RunTime:0.001714s ]
INFO: [ view_end ] --START--
INFO: ShowPageTrace Behavior ::run [ RunTime:0.000635s ]
INFO: [ view_end ] --END-- [ RunTime:0.000684s ]

[ 2016-09-26T15:31:33+08:00 ] 127.0.0.1 /Admin/Site/index.html
SQL: SHOW COLUMNS FROM `pa_city` [ RunTime:0.030076s ]
SQL: SELECT `id`,`name`,`code` FROM `pa_city` ORDER BY id asc  [ RunTime:0.029021s ]
NOTIC: [8] Undefined variable: key D:\www\Admin\trunk\App\Conf\city.php 第 16 行.
INFO: [ route_check ] --START--
INFO: CheckRoute Behavior ::run [ RunTime:0.001380s ]
INFO: [ route_check ] --END-- [ RunTime:0.001495s ]
NOTIC: [8] Undefined variable: DB_PREFIX D:\www\Admin\trunk\App\Conf\Admin\config.php 第 71 行.
NOTIC: [8] Undefined variable: DB_PREFIX D:\www\Admin\trunk\App\Conf\Admin\config.php 第 72 行.
NOTIC: [8] Undefined variable: DB_PREFIX D:\www\Admin\trunk\App\Conf\Admin\config.php 第 73 行.
NOTIC: [8] Undefined variable: DB_PREFIX D:\www\Admin\trunk\App\Conf\Admin\config.php 第 74 行.
INFO: [ app_begin ] --START--
INFO: ReadHtmlCache Behavior ::run [ RunTime:0.000887s ]
INFO: [ app_begin ] --END-- [ RunTime:0.000981s ]
NOTIC: [8] Undefined variable: systemConfig D:\www\Admin\trunk\App\Lib\Action\Admin\CommonAction.class.php 第 48 行.
INFO: [ view_parse ] --START--
NOTIC: [8] Undefined index: SITE_INFO D:\www\Admin\trunk\Runtime\Cache\admin\c9336ac19643423e628141c0a096f52e.php 第 5 行.
NOTIC: [8] Undefined index: WEB_ROOT D:\www\Admin\trunk\Runtime\Cache\admin\c9336ac19643423e628141c0a096f52e.php 第 8 行.
NOTIC: [8] Undefined variable: currentNav D:\www\Admin\trunk\Runtime\Cache\admin\c9336ac19643423e628141c0a096f52e.php 第 30 行.
NOTIC: [8] Undefined index: sub D:\www\Admin\trunk\Runtime\Cache\admin\c9336ac19643423e628141c0a096f52e.php 第 43 行.
NOTIC: [8] Undefined index: sub D:\www\Admin\trunk\Runtime\Cache\admin\c9336ac19643423e628141c0a096f52e.php 第 43 行.
NOTIC: [8] Undefined index: sub D:\www\Admin\trunk\Runtime\Cache\admin\c9336ac19643423e628141c0a096f52e.php 第 43 行.
NOTIC: [8] Undefined variable: QRcodeUrl D:\www\Admin\trunk\Runtime\Cache\admin\c9336ac19643423e628141c0a096f52e.php 第 48 行.
NOTIC: [8] Undefined index: SITE_INFO D:\www\Admin\trunk\Runtime\Cache\admin\c9336ac19643423e628141c0a096f52e.php 第 107 行.
INFO: ParseTemplate Behavior ::run [ RunTime:0.033988s ]
INFO: [ view_parse ] --END-- [ RunTime:0.034092s ]
INFO: [ view_filter ] --START--
INFO: ContentReplace Behavior ::run [ RunTime:0.000686s ]
INFO: TokenBuild Behavior ::run [ RunTime:0.000688s ]
INFO: WriteHtmlCache Behavior ::run [ RunTime:0.000661s ]
INFO: ShowRuntime Behavior ::run [ RunTime:0.001846s ]
INFO: [ view_filter ] --END-- [ RunTime:0.004145s ]
INFO: [ view_end ] --START--
INFO: ShowPageTrace Behavior ::run [ RunTime:0.001243s ]
INFO: [ view_end ] --END-- [ RunTime:0.001358s ]

[ 2016-09-26T15:31:37+08:00 ] 127.0.0.1 /Admin/Access/index.html
SQL: SHOW COLUMNS FROM `pa_city` [ RunTime:0.029074s ]
SQL: SELECT `id`,`name`,`code` FROM `pa_city` ORDER BY id asc  [ RunTime:0.028626s ]
NOTIC: [8] Undefined variable: key D:\www\Admin\trunk\App\Conf\city.php 第 16 行.
INFO: [ route_check ] --START--
INFO: CheckRoute Behavior ::run [ RunTime:0.000822s ]
INFO: [ route_check ] --END-- [ RunTime:0.000894s ]
NOTIC: [8] Undefined variable: DB_PREFIX D:\www\Admin\trunk\App\Conf\Admin\config.php 第 71 行.
NOTIC: [8] Undefined variable: DB_PREFIX D:\www\Admin\trunk\App\Conf\Admin\config.php 第 72 行.
NOTIC: [8] Undefined variable: DB_PREFIX D:\www\Admin\trunk\App\Conf\Admin\config.php 第 73 行.
NOTIC: [8] Undefined variable: DB_PREFIX D:\www\Admin\trunk\App\Conf\Admin\config.php 第 74 行.
INFO: [ app_begin ] --START--
INFO: ReadHtmlCache Behavior ::run [ RunTime:0.000811s ]
INFO: [ app_begin ] --END-- [ RunTime:0.000887s ]
NOTIC: [8] Undefined variable: systemConfig D:\www\Admin\trunk\App\Lib\Action\Admin\CommonAction.class.php 第 48 行.
SQL: SHOW COLUMNS FROM `pa_access` [ RunTime:0.029656s ]
SQL: SHOW COLUMNS FROM `pa_admin` [ RunTime:0.028825s ]
SQL: SELECT * FROM `pa_admin`  [ RunTime:0.028666s ]
INFO: [ view_parse ] --START--
NOTIC: [8] Undefined index: sub D:\www\Admin\trunk\Runtime\Cache\admin\a7af697f7e01a232648df82b1b1c94c9.php 第 44 行.
NOTIC: [8] Undefined index: sub D:\www\Admin\trunk\Runtime\Cache\admin\a7af697f7e01a232648df82b1b1c94c9.php 第 44 行.
NOTIC: [8] Undefined index: sub D:\www\Admin\trunk\Runtime\Cache\admin\a7af697f7e01a232648df82b1b1c94c9.php 第 44 行.
NOTIC: [8] Undefined index: sub D:\www\Admin\trunk\Runtime\Cache\admin\a7af697f7e01a232648df82b1b1c94c9.php 第 44 行.
NOTIC: [8] Undefined index: sub D:\www\Admin\trunk\Runtime\Cache\admin\a7af697f7e01a232648df82b1b1c94c9.php 第 44 行.
NOTIC: [8] Undefined index: sub D:\www\Admin\trunk\Runtime\Cache\admin\a7af697f7e01a232648df82b1b1c94c9.php 第 44 行.
NOTIC: [8] Undefined variable: QRcodeUrl D:\www\Admin\trunk\Runtime\Cache\admin\a7af697f7e01a232648df82b1b1c94c9.php 第 49 行.
INFO: ParseTemplate Behavior ::run [ RunTime:0.013704s ]
INFO: [ view_parse ] --END-- [ RunTime:0.013767s ]
INFO: [ view_filter ] --START--
INFO: ContentReplace Behavior ::run [ RunTime:0.000394s ]
INFO: TokenBuild Behavior ::run [ RunTime:0.000368s ]
INFO: WriteHtmlCache Behavior ::run [ RunTime:0.000398s ]
INFO: ShowRuntime Behavior ::run [ RunTime:0.000431s ]
INFO: [ view_filter ] --END-- [ RunTime:0.001733s ]
INFO: [ view_end ] --START--
INFO: ShowPageTrace Behavior ::run [ RunTime:0.000634s ]
INFO: [ view_end ] --END-- [ RunTime:0.000683s ]

[ 2016-09-26T15:32:21+08:00 ] 127.0.0.1 /Admin/Index/index.html
SQL: SHOW COLUMNS FROM `pa_city` [ RunTime:0.035057s ]
SQL: SELECT `id`,`name`,`code` FROM `pa_city` ORDER BY id asc  [ RunTime:0.043839s ]
NOTIC: [8] Undefined variable: key D:\www\Admin\trunk\App\Conf\city.php 第 16 行.
INFO: [ route_check ] --START--
INFO: CheckRoute Behavior ::run [ RunTime:0.001490s ]
INFO: [ route_check ] --END-- [ RunTime:0.001614s ]
NOTIC: [8] Undefined variable: DB_PREFIX D:\www\Admin\trunk\App\Conf\Admin\config.php 第 71 行.
NOTIC: [8] Undefined variable: DB_PREFIX D:\www\Admin\trunk\App\Conf\Admin\config.php 第 72 行.
NOTIC: [8] Undefined variable: DB_PREFIX D:\www\Admin\trunk\App\Conf\Admin\config.php 第 73 行.
NOTIC: [8] Undefined variable: DB_PREFIX D:\www\Admin\trunk\App\Conf\Admin\config.php 第 74 行.
INFO: [ app_begin ] --START--
INFO: ReadHtmlCache Behavior ::run [ RunTime:0.000906s ]
INFO: [ app_begin ] --END-- [ RunTime:0.001005s ]
NOTIC: [8] Undefined variable: module D:\www\Admin\trunk\App\Lib\Action\Admin\CommonAction.class.php 第 142 行.
NOTIC: [8] Undefined variable: module D:\www\Admin\trunk\App\Lib\Action\Admin\CommonAction.class.php 第 142 行.
NOTIC: [8] Undefined index:  D:\www\Admin\trunk\App\Lib\Action\Admin\CommonAction.class.php 第 142 行.
NOTIC: [8] Undefined variable: module D:\www\Admin\trunk\App\Lib\Action\Admin\CommonAction.class.php 第 148 行.
NOTIC: [8] Undefined variable: module D:\www\Admin\trunk\App\Lib\Action\Admin\CommonAction.class.php 第 148 行.
NOTIC: [8] Undefined variable: module D:\www\Admin\trunk\App\Lib\Action\Admin\CommonAction.class.php 第 148 行.
NOTIC: [8] Undefined variable: module D:\www\Admin\trunk\App\Lib\Action\Admin\CommonAction.class.php 第 148 行.
NOTIC: [8] Undefined variable: module D:\www\Admin\trunk\App\Lib\Action\Admin\CommonAction.class.php 第 145 行.
NOTIC: [8] Undefined variable: menu D:\www\Admin\trunk\App\Lib\Action\Admin\CommonAction.class.php 第 214 行.
NOTIC: [8] Undefined index:  D:\www\Admin\trunk\App\Lib\Action\Admin\CommonAction.class.php 第 214 行.
NOTIC: [8] Undefined variable: systemConfig D:\www\Admin\trunk\App\Lib\Action\Admin\CommonAction.class.php 第 48 行.
INFO: [ view_parse ] --START--
NOTIC: [8] Undefined variable: QRcodeUrl D:\www\Admin\trunk\Runtime\Cache\admin\d19c3bcb9a5477a0b6531abed443c5f7.php 第 49 行.
NOTIC: [8] Undefined variable: caches D:\www\Admin\trunk\Runtime\Cache\admin\d19c3bcb9a5477a0b6531abed443c5f7.php 第 60 行.
INFO: ParseTemplate Behavior ::run [ RunTime:0.016095s ]
INFO: [ view_parse ] --END-- [ RunTime:0.016181s ]
INFO: [ view_filter ] --START--
INFO: ContentReplace Behavior ::run [ RunTime:0.000574s ]
INFO: TokenBuild Behavior ::run [ RunTime:0.000506s ]
INFO: WriteHtmlCache Behavior ::run [ RunTime:0.000419s ]
INFO: ShowRuntime Behavior ::run [ RunTime:0.000436s ]
INFO: [ view_filter ] --END-- [ RunTime:0.002102s ]
INFO: [ view_end ] --START--
INFO: ShowPageTrace Behavior ::run [ RunTime:0.000646s ]
INFO: [ view_end ] --END-- [ RunTime:0.000695s ]

[ 2016-09-26T15:32:23+08:00 ] 127.0.0.1 /Admin/Site/index.html
SQL: SHOW COLUMNS FROM `pa_city` [ RunTime:0.030116s ]
SQL: SELECT `id`,`name`,`code` FROM `pa_city` ORDER BY id asc  [ RunTime:0.029948s ]
NOTIC: [8] Undefined variable: key D:\www\Admin\trunk\App\Conf\city.php 第 16 行.
INFO: [ route_check ] --START--
INFO: CheckRoute Behavior ::run [ RunTime:0.000825s ]
INFO: [ route_check ] --END-- [ RunTime:0.000896s ]
NOTIC: [8] Undefined variable: DB_PREFIX D:\www\Admin\trunk\App\Conf\Admin\config.php 第 71 行.
NOTIC: [8] Undefined variable: DB_PREFIX D:\www\Admin\trunk\App\Conf\Admin\config.php 第 72 行.
NOTIC: [8] Undefined variable: DB_PREFIX D:\www\Admin\trunk\App\Conf\Admin\config.php 第 73 行.
NOTIC: [8] Undefined variable: DB_PREFIX D:\www\Admin\trunk\App\Conf\Admin\config.php 第 74 行.
INFO: [ app_begin ] --START--
INFO: ReadHtmlCache Behavior ::run [ RunTime:0.000503s ]
INFO: [ app_begin ] --END-- [ RunTime:0.000558s ]
NOTIC: [8] Undefined variable: systemConfig D:\www\Admin\trunk\App\Lib\Action\Admin\CommonAction.class.php 第 48 行.
INFO: [ view_parse ] --START--
NOTIC: [8] Undefined index: SITE_INFO D:\www\Admin\trunk\Runtime\Cache\admin\c9336ac19643423e628141c0a096f52e.php 第 5 行.
NOTIC: [8] Undefined index: WEB_ROOT D:\www\Admin\trunk\Runtime\Cache\admin\c9336ac19643423e628141c0a096f52e.php 第 8 行.
NOTIC: [8] Undefined variable: currentNav D:\www\Admin\trunk\Runtime\Cache\admin\c9336ac19643423e628141c0a096f52e.php 第 30 行.
NOTIC: [8] Undefined index: sub D:\www\Admin\trunk\Runtime\Cache\admin\c9336ac19643423e628141c0a096f52e.php 第 43 行.
NOTIC: [8] Undefined index: sub D:\www\Admin\trunk\Runtime\Cache\admin\c9336ac19643423e628141c0a096f52e.php 第 43 行.
NOTIC: [8] Undefined index: sub D:\www\Admin\trunk\Runtime\Cache\admin\c9336ac19643423e628141c0a096f52e.php 第 43 行.
NOTIC: [8] Undefined variable: QRcodeUrl D:\www\Admin\trunk\Runtime\Cache\admin\c9336ac19643423e628141c0a096f52e.php 第 48 行.
NOTIC: [8] Undefined index: SITE_INFO D:\www\Admin\trunk\Runtime\Cache\admin\c9336ac19643423e628141c0a096f52e.php 第 107 行.
INFO: ParseTemplate Behavior ::run [ RunTime:0.013022s ]
INFO: [ view_parse ] --END-- [ RunTime:0.013087s ]
INFO: [ view_filter ] --START--
INFO: ContentReplace Behavior ::run [ RunTime:0.000455s ]
INFO: TokenBuild Behavior ::run [ RunTime:0.000453s ]
INFO: WriteHtmlCache Behavior ::run [ RunTime:0.000535s ]
INFO: ShowRuntime Behavior ::run [ RunTime:0.000770s ]
INFO: [ view_filter ] --END-- [ RunTime:0.002396s ]
INFO: [ view_end ] --START--
INFO: ShowPageTrace Behavior ::run [ RunTime:0.000744s ]
INFO: [ view_end ] --END-- [ RunTime:0.000798s ]

[ 2016-09-26T15:32:25+08:00 ] 127.0.0.1 /Admin/Access/index.html
SQL: SHOW COLUMNS FROM `pa_city` [ RunTime:0.030039s ]
SQL: SELECT `id`,`name`,`code` FROM `pa_city` ORDER BY id asc  [ RunTime:0.028967s ]
NOTIC: [8] Undefined variable: key D:\www\Admin\trunk\App\Conf\city.php 第 16 行.
INFO: [ route_check ] --START--
INFO: CheckRoute Behavior ::run [ RunTime:0.000898s ]
INFO: [ route_check ] --END-- [ RunTime:0.000976s ]
NOTIC: [8] Undefined variable: DB_PREFIX D:\www\Admin\trunk\App\Conf\Admin\config.php 第 71 行.
NOTIC: [8] Undefined variable: DB_PREFIX D:\www\Admin\trunk\App\Conf\Admin\config.php 第 72 行.
NOTIC: [8] Undefined variable: DB_PREFIX D:\www\Admin\trunk\App\Conf\Admin\config.php 第 73 行.
NOTIC: [8] Undefined variable: DB_PREFIX D:\www\Admin\trunk\App\Conf\Admin\config.php 第 74 行.
INFO: [ app_begin ] --START--
INFO: ReadHtmlCache Behavior ::run [ RunTime:0.000513s ]
INFO: [ app_begin ] --END-- [ RunTime:0.000568s ]
NOTIC: [8] Undefined variable: systemConfig D:\www\Admin\trunk\App\Lib\Action\Admin\CommonAction.class.php 第 48 行.
SQL: SHOW COLUMNS FROM `pa_access` [ RunTime:0.029228s ]
SQL: SHOW COLUMNS FROM `pa_admin` [ RunTime:0.028778s ]
SQL: SELECT * FROM `pa_admin`  [ RunTime:0.027869s ]
INFO: [ view_parse ] --START--
NOTIC: [8] Undefined index: sub D:\www\Admin\trunk\Runtime\Cache\admin\a7af697f7e01a232648df82b1b1c94c9.php 第 44 行.
NOTIC: [8] Undefined index: sub D:\www\Admin\trunk\Runtime\Cache\admin\a7af697f7e01a232648df82b1b1c94c9.php 第 44 行.
NOTIC: [8] Undefined index: sub D:\www\Admin\trunk\Runtime\Cache\admin\a7af697f7e01a232648df82b1b1c94c9.php 第 44 行.
NOTIC: [8] Undefined index: sub D:\www\Admin\trunk\Runtime\Cache\admin\a7af697f7e01a232648df82b1b1c94c9.php 第 44 行.
NOTIC: [8] Undefined index: sub D:\www\Admin\trunk\Runtime\Cache\admin\a7af697f7e01a232648df82b1b1c94c9.php 第 44 行.
NOTIC: [8] Undefined index: sub D:\www\Admin\trunk\Runtime\Cache\admin\a7af697f7e01a232648df82b1b1c94c9.php 第 44 行.
NOTIC: [8] Undefined variable: QRcodeUrl D:\www\Admin\trunk\Runtime\Cache\admin\a7af697f7e01a232648df82b1b1c94c9.php 第 49 行.
INFO: ParseTemplate Behavior ::run [ RunTime:0.013535s ]
INFO: [ view_parse ] --END-- [ RunTime:0.013607s ]
INFO: [ view_filter ] --START--
INFO: ContentReplace Behavior ::run [ RunTime:0.000393s ]
INFO: TokenBuild Behavior ::run [ RunTime:0.000350s ]
INFO: WriteHtmlCache Behavior ::run [ RunTime:0.000376s ]
INFO: ShowRuntime Behavior ::run [ RunTime:0.000444s ]
INFO: [ view_filter ] --END-- [ RunTime:0.001702s ]
INFO: [ view_end ] --START--
INFO: ShowPageTrace Behavior ::run [ RunTime:0.000632s ]
INFO: [ view_end ] --END-- [ RunTime:0.000680s ]

[ 2016-09-26T15:32:30+08:00 ] 127.0.0.1 /Admin/SysData/index.html
SQL: SHOW COLUMNS FROM `pa_city` [ RunTime:0.030053s ]
SQL: SELECT `id`,`name`,`code` FROM `pa_city` ORDER BY id asc  [ RunTime:0.029876s ]
NOTIC: [8] Undefined variable: key D:\www\Admin\trunk\App\Conf\city.php 第 16 行.
INFO: [ route_check ] --START--
INFO: CheckRoute Behavior ::run [ RunTime:0.001421s ]
INFO: [ route_check ] --END-- [ RunTime:0.001539s ]
NOTIC: [8] Undefined variable: DB_PREFIX D:\www\Admin\trunk\App\Conf\Admin\config.php 第 71 行.
NOTIC: [8] Undefined variable: DB_PREFIX D:\www\Admin\trunk\App\Conf\Admin\config.php 第 72 行.
NOTIC: [8] Undefined variable: DB_PREFIX D:\www\Admin\trunk\App\Conf\Admin\config.php 第 73 行.
NOTIC: [8] Undefined variable: DB_PREFIX D:\www\Admin\trunk\App\Conf\Admin\config.php 第 74 行.
INFO: [ app_begin ] --START--
INFO: ReadHtmlCache Behavior ::run [ RunTime:0.000891s ]
INFO: [ app_begin ] --END-- [ RunTime:0.000987s ]
NOTIC: [8] Undefined variable: systemConfig D:\www\Admin\trunk\App\Lib\Action\Admin\CommonAction.class.php 第 48 行.
SQL: SHOW TABLE STATUS [ RunTime:0.030425s ]
INFO: [ view_parse ] --START--
NOTIC: [8] Undefined index: sub D:\www\Admin\trunk\Runtime\Cache\admin\f1ad677401224b1cbf56f7445a4acbfd.php 第 44 行.
NOTIC: [8] Undefined index: sub D:\www\Admin\trunk\Runtime\Cache\admin\f1ad677401224b1cbf56f7445a4acbfd.php 第 44 行.
NOTIC: [8] Undefined index: sub D:\www\Admin\trunk\Runtime\Cache\admin\f1ad677401224b1cbf56f7445a4acbfd.php 第 44 行.
NOTIC: [8] Undefined index: sub D:\www\Admin\trunk\Runtime\Cache\admin\f1ad677401224b1cbf56f7445a4acbfd.php 第 44 行.
NOTIC: [8] Undefined variable: QRcodeUrl D:\www\Admin\trunk\Runtime\Cache\admin\f1ad677401224b1cbf56f7445a4acbfd.php 第 49 行.
INFO: ParseTemplate Behavior ::run [ RunTime:0.013112s ]
INFO: [ view_parse ] --END-- [ RunTime:0.013175s ]
INFO: [ view_filter ] --START--
INFO: ContentReplace Behavior ::run [ RunTime:0.000457s ]
INFO: TokenBuild Behavior ::run [ RunTime:0.000431s ]
INFO: WriteHtmlCache Behavior ::run [ RunTime:0.000384s ]
INFO: ShowRuntime Behavior ::run [ RunTime:0.000447s ]
INFO: [ view_filter ] --END-- [ RunTime:0.001859s ]
INFO: [ view_end ] --START--
INFO: ShowPageTrace Behavior ::run [ RunTime:0.000776s ]
INFO: [ view_end ] --END-- [ RunTime:0.000838s ]

[ 2016-09-26T15:32:45+08:00 ] 127.0.0.1 /Admin/News/index.html
SQL: SHOW COLUMNS FROM `pa_city` [ RunTime:0.030243s ]
SQL: SELECT `id`,`name`,`code` FROM `pa_city` ORDER BY id asc  [ RunTime:0.030170s ]
NOTIC: [8] Undefined variable: key D:\www\Admin\trunk\App\Conf\city.php 第 16 行.
INFO: [ route_check ] --START--
INFO: CheckRoute Behavior ::run [ RunTime:0.001827s ]
INFO: [ route_check ] --END-- [ RunTime:0.001964s ]
NOTIC: [8] Undefined variable: DB_PREFIX D:\www\Admin\trunk\App\Conf\Admin\config.php 第 71 行.
NOTIC: [8] Undefined variable: DB_PREFIX D:\www\Admin\trunk\App\Conf\Admin\config.php 第 72 行.
NOTIC: [8] Undefined variable: DB_PREFIX D:\www\Admin\trunk\App\Conf\Admin\config.php 第 73 行.
NOTIC: [8] Undefined variable: DB_PREFIX D:\www\Admin\trunk\App\Conf\Admin\config.php 第 74 行.
INFO: [ app_begin ] --START--
INFO: ReadHtmlCache Behavior ::run [ RunTime:0.001047s ]
INFO: [ app_begin ] --END-- [ RunTime:0.001157s ]
NOTIC: [8] Undefined variable: systemConfig D:\www\Admin\trunk\App\Lib\Action\Admin\CommonAction.class.php 第 48 行.
SQL: SHOW COLUMNS FROM `pa_news` [ RunTime:0.030441s ]
NOTIC: [2] Missing argument 1 for Model::where(), called in D:\www\Admin\trunk\App\Lib\Model\NewsModel.class.php on line 45 and defined D:\www\Admin\trunk\ThinkPHP\Lib\Core\Model.class.php 第 1480 行.
NOTIC: [8] Undefined variable: where D:\www\Admin\trunk\ThinkPHP\Lib\Core\Model.class.php 第 1488 行.
NOTIC: [8] Undefined variable: where D:\www\Admin\trunk\ThinkPHP\Lib\Core\Model.class.php 第 1491 行.
NOTIC: [8] Undefined variable: where D:\www\Admin\trunk\ThinkPHP\Lib\Core\Model.class.php 第 1499 行.
SQL: SELECT COUNT(*) AS tp_count FROM `pa_news` LIMIT 1   [ RunTime:0.029262s ]
SQL: SELECT n.id,n.title,n.status,n.published,a.email,a.nickname,c.name FROM pa_news n LEFT JOIN pa_admin a on a.aid=n.aid LEFT JOIN pa_category c on c.cid=n.cid ORDER BY n.id desc LIMIT 0,20   [ RunTime:0.028878s ]
INFO: [ view_parse ] --START--
NOTIC: [8] Undefined index: sub D:\www\Admin\trunk\Runtime\Cache\admin\71b660708966cfe24f85a1955252df64.php 第 44 行.
NOTIC: [8] Undefined variable: QRcodeUrl D:\www\Admin\trunk\Runtime\Cache\admin\71b660708966cfe24f85a1955252df64.php 第 49 行.
INFO: ParseTemplate Behavior ::run [ RunTime:0.015343s ]
INFO: [ view_parse ] --END-- [ RunTime:0.015425s ]
INFO: [ view_filter ] --START--
INFO: ContentReplace Behavior ::run [ RunTime:0.000567s ]
INFO: TokenBuild Behavior ::run [ RunTime:0.000502s ]
INFO: WriteHtmlCache Behavior ::run [ RunTime:0.000471s ]
INFO: ShowRuntime Behavior ::run [ RunTime:0.000525s ]
INFO: [ view_filter ] --END-- [ RunTime:0.002234s ]
INFO: [ view_end ] --START--
INFO: ShowPageTrace Behavior ::run [ RunTime:0.000863s ]
INFO: [ view_end ] --END-- [ RunTime:0.000938s ]

[ 2016-09-26T15:32:49+08:00 ] 127.0.0.1 /Admin/News/category.html
SQL: SHOW COLUMNS FROM `pa_city` [ RunTime:0.032908s ]
SQL: SELECT `id`,`name`,`code` FROM `pa_city` ORDER BY id asc  [ RunTime:0.030032s ]
NOTIC: [8] Undefined variable: key D:\www\Admin\trunk\App\Conf\city.php 第 16 行.
INFO: [ route_check ] --START--
INFO: CheckRoute Behavior ::run [ RunTime:0.001835s ]
INFO: [ route_check ] --END-- [ RunTime:0.001983s ]
NOTIC: [8] Undefined variable: DB_PREFIX D:\www\Admin\trunk\App\Conf\Admin\config.php 第 71 行.
NOTIC: [8] Undefined variable: DB_PREFIX D:\www\Admin\trunk\App\Conf\Admin\config.php 第 72 行.
NOTIC: [8] Undefined variable: DB_PREFIX D:\www\Admin\trunk\App\Conf\Admin\config.php 第 73 行.
NOTIC: [8] Undefined variable: DB_PREFIX D:\www\Admin\trunk\App\Conf\Admin\config.php 第 74 行.
INFO: [ app_begin ] --START--
INFO: ReadHtmlCache Behavior ::run [ RunTime:0.001321s ]
INFO: [ app_begin ] --END-- [ RunTime:0.001451s ]
NOTIC: [8] Undefined variable: systemConfig D:\www\Admin\trunk\App\Lib\Action\Admin\CommonAction.class.php 第 48 行.
SQL: SHOW COLUMNS FROM `pa_news` [ RunTime:0.029737s ]
SQL: SHOW COLUMNS FROM `pa_category` [ RunTime:0.029165s ]
SQL: SELECT * FROM `pa_category`  [ RunTime:0.028740s ]
INFO: [ view_parse ] --START--
NOTIC: [8] Undefined index: sub D:\www\Admin\trunk\Runtime\Cache\admin\5406e4ea2dee59da1168e9e5a08d0fe7.php 第 44 行.
NOTIC: [8] Undefined variable: QRcodeUrl D:\www\Admin\trunk\Runtime\Cache\admin\5406e4ea2dee59da1168e9e5a08d0fe7.php 第 49 行.
INFO: ParseTemplate Behavior ::run [ RunTime:0.024694s ]
INFO: [ view_parse ] --END-- [ RunTime:0.024761s ]
INFO: [ view_filter ] --START--
INFO: ContentReplace Behavior ::run [ RunTime:0.000486s ]
INFO: TokenBuild Behavior ::run [ RunTime:0.000446s ]
INFO: WriteHtmlCache Behavior ::run [ RunTime:0.000392s ]
INFO: ShowRuntime Behavior ::run [ RunTime:0.000502s ]
INFO: [ view_filter ] --END-- [ RunTime:0.001974s ]
INFO: [ view_end ] --START--
INFO: ShowPageTrace Behavior ::run [ RunTime:0.000857s ]
INFO: [ view_end ] --END-- [ RunTime:0.000933s ]

[ 2016-09-26T15:32:53+08:00 ] 127.0.0.1 /Admin/Member/index.html
SQL: SHOW COLUMNS FROM `pa_city` [ RunTime:0.030061s ]
SQL: SELECT `id`,`name`,`code` FROM `pa_city` ORDER BY id asc  [ RunTime:0.029156s ]
NOTIC: [8] Undefined variable: key D:\www\Admin\trunk\App\Conf\city.php 第 16 行.
INFO: [ route_check ] --START--
INFO: CheckRoute Behavior ::run [ RunTime:0.000905s ]
INFO: [ route_check ] --END-- [ RunTime:0.000984s ]
NOTIC: [8] Undefined variable: DB_PREFIX D:\www\Admin\trunk\App\Conf\Admin\config.php 第 71 行.
NOTIC: [8] Undefined variable: DB_PREFIX D:\www\Admin\trunk\App\Conf\Admin\config.php 第 72 行.
NOTIC: [8] Undefined variable: DB_PREFIX D:\www\Admin\trunk\App\Conf\Admin\config.php 第 73 行.
NOTIC: [8] Undefined variable: DB_PREFIX D:\www\Admin\trunk\App\Conf\Admin\config.php 第 74 行.
INFO: [ app_begin ] --START--
INFO: ReadHtmlCache Behavior ::run [ RunTime:0.000898s ]
INFO: [ app_begin ] --END-- [ RunTime:0.000977s ]
NOTIC: [8] Undefined variable: systemConfig D:\www\Admin\trunk\App\Lib\Action\Admin\CommonAction.class.php 第 48 行.
SQL: SHOW COLUMNS FROM `pa_member` [ RunTime:0.029839s ]
SQL: SELECT COUNT(*) AS tp_count FROM `pa_member` LIMIT 1   [ RunTime:0.028269s ]
SQL: SELECT * FROM `pa_member` ORDER BY uid desc LIMIT 0,20   [ RunTime:0.028673s ]
NOTIC: [8] Undefined index: showpage D:\www\Admin\trunk\App\Lib\Action\Admin\MemberAction.class.php 第 11 行.
INFO: [ view_parse ] --START--
NOTIC: [8] Undefined index: sub D:\www\Admin\trunk\Runtime\Cache\admin\9a60b5618974bb16a37d199af1eb41b0.php 第 44 行.
NOTIC: [8] Undefined variable: QRcodeUrl D:\www\Admin\trunk\Runtime\Cache\admin\9a60b5618974bb16a37d199af1eb41b0.php 第 49 行.
NOTIC: [8] Undefined variable: vo D:\www\Admin\trunk\Runtime\Cache\admin\9a60b5618974bb16a37d199af1eb41b0.php 第 66 行.
INFO: ParseTemplate Behavior ::run [ RunTime:0.013245s ]
INFO: [ view_parse ] --END-- [ RunTime:0.013312s ]
INFO: [ view_filter ] --START--
INFO: ContentReplace Behavior ::run [ RunTime:0.000625s ]
INFO: TokenBuild Behavior ::run [ RunTime:0.000591s ]
INFO: WriteHtmlCache Behavior ::run [ RunTime:0.000476s ]
INFO: ShowRuntime Behavior ::run [ RunTime:0.000616s ]
INFO: [ view_filter ] --END-- [ RunTime:0.002501s ]
INFO: [ view_end ] --START--
INFO: ShowPageTrace Behavior ::run [ RunTime:0.000761s ]
INFO: [ view_end ] --END-- [ RunTime:0.000818s ]

[ 2016-09-26T15:32:54+08:00 ] 127.0.0.1 /Admin/Index/index.html
SQL: SHOW COLUMNS FROM `pa_city` [ RunTime:0.030124s ]
SQL: SELECT `id`,`name`,`code` FROM `pa_city` ORDER BY id asc  [ RunTime:0.029052s ]
NOTIC: [8] Undefined variable: key D:\www\Admin\trunk\App\Conf\city.php 第 16 行.
INFO: [ route_check ] --START--
INFO: CheckRoute Behavior ::run [ RunTime:0.001372s ]
INFO: [ route_check ] --END-- [ RunTime:0.001486s ]
NOTIC: [8] Undefined variable: DB_PREFIX D:\www\Admin\trunk\App\Conf\Admin\config.php 第 71 行.
NOTIC: [8] Undefined variable: DB_PREFIX D:\www\Admin\trunk\App\Conf\Admin\config.php 第 72 行.
NOTIC: [8] Undefined variable: DB_PREFIX D:\www\Admin\trunk\App\Conf\Admin\config.php 第 73 行.
NOTIC: [8] Undefined variable: DB_PREFIX D:\www\Admin\trunk\App\Conf\Admin\config.php 第 74 行.
INFO: [ app_begin ] --START--
INFO: ReadHtmlCache Behavior ::run [ RunTime:0.001056s ]
INFO: [ app_begin ] --END-- [ RunTime:0.001161s ]
NOTIC: [8] Undefined variable: module D:\www\Admin\trunk\App\Lib\Action\Admin\CommonAction.class.php 第 142 行.
NOTIC: [8] Undefined variable: module D:\www\Admin\trunk\App\Lib\Action\Admin\CommonAction.class.php 第 142 行.
NOTIC: [8] Undefined index:  D:\www\Admin\trunk\App\Lib\Action\Admin\CommonAction.class.php 第 142 行.
NOTIC: [8] Undefined variable: module D:\www\Admin\trunk\App\Lib\Action\Admin\CommonAction.class.php 第 148 行.
NOTIC: [8] Undefined variable: module D:\www\Admin\trunk\App\Lib\Action\Admin\CommonAction.class.php 第 148 行.
NOTIC: [8] Undefined variable: module D:\www\Admin\trunk\App\Lib\Action\Admin\CommonAction.class.php 第 148 行.
NOTIC: [8] Undefined variable: module D:\www\Admin\trunk\App\Lib\Action\Admin\CommonAction.class.php 第 148 行.
NOTIC: [8] Undefined variable: module D:\www\Admin\trunk\App\Lib\Action\Admin\CommonAction.class.php 第 145 行.
NOTIC: [8] Undefined variable: menu D:\www\Admin\trunk\App\Lib\Action\Admin\CommonAction.class.php 第 214 行.
NOTIC: [8] Undefined index:  D:\www\Admin\trunk\App\Lib\Action\Admin\CommonAction.class.php 第 214 行.
NOTIC: [8] Undefined variable: systemConfig D:\www\Admin\trunk\App\Lib\Action\Admin\CommonAction.class.php 第 48 行.
INFO: [ view_parse ] --START--
NOTIC: [8] Undefined variable: QRcodeUrl D:\www\Admin\trunk\Runtime\Cache\admin\d19c3bcb9a5477a0b6531abed443c5f7.php 第 49 行.
NOTIC: [8] Undefined variable: caches D:\www\Admin\trunk\Runtime\Cache\admin\d19c3bcb9a5477a0b6531abed443c5f7.php 第 60 行.
INFO: ParseTemplate Behavior ::run [ RunTime:0.023298s ]
INFO: [ view_parse ] --END-- [ RunTime:0.023419s ]
INFO: [ view_filter ] --START--
INFO: ContentReplace Behavior ::run [ RunTime:0.000869s ]
INFO: TokenBuild Behavior ::run [ RunTime:0.000699s ]
INFO: WriteHtmlCache Behavior ::run [ RunTime:0.000786s ]
INFO: ShowRuntime Behavior ::run [ RunTime:0.000847s ]
INFO: [ view_filter ] --END-- [ RunTime:0.003478s ]
INFO: [ view_end ] --START--
INFO: ShowPageTrace Behavior ::run [ RunTime:0.001164s ]
INFO: [ view_end ] --END-- [ RunTime:0.001252s ]

[ 2016-09-26T15:32:56+08:00 ] 127.0.0.1 /Admin/Member/index.html
SQL: SHOW COLUMNS FROM `pa_city` [ RunTime:0.028678s ]
SQL: SELECT `id`,`name`,`code` FROM `pa_city` ORDER BY id asc  [ RunTime:0.029922s ]
NOTIC: [8] Undefined variable: key D:\www\Admin\trunk\App\Conf\city.php 第 16 行.
INFO: [ route_check ] --START--
INFO: CheckRoute Behavior ::run [ RunTime:0.001424s ]
INFO: [ route_check ] --END-- [ RunTime:0.001549s ]
NOTIC: [8] Undefined variable: DB_PREFIX D:\www\Admin\trunk\App\Conf\Admin\config.php 第 71 行.
NOTIC: [8] Undefined variable: DB_PREFIX D:\www\Admin\trunk\App\Conf\Admin\config.php 第 72 行.
NOTIC: [8] Undefined variable: DB_PREFIX D:\www\Admin\trunk\App\Conf\Admin\config.php 第 73 行.
NOTIC: [8] Undefined variable: DB_PREFIX D:\www\Admin\trunk\App\Conf\Admin\config.php 第 74 行.
INFO: [ app_begin ] --START--
INFO: ReadHtmlCache Behavior ::run [ RunTime:0.000983s ]
INFO: [ app_begin ] --END-- [ RunTime:0.001084s ]
NOTIC: [8] Undefined variable: systemConfig D:\www\Admin\trunk\App\Lib\Action\Admin\CommonAction.class.php 第 48 行.
SQL: SHOW COLUMNS FROM `pa_member` [ RunTime:0.031385s ]
SQL: SELECT COUNT(*) AS tp_count FROM `pa_member` LIMIT 1   [ RunTime:0.027696s ]
SQL: SELECT * FROM `pa_member` ORDER BY uid desc LIMIT 0,20   [ RunTime:0.029119s ]
NOTIC: [8] Undefined index: showpage D:\www\Admin\trunk\App\Lib\Action\Admin\MemberAction.class.php 第 11 行.
INFO: [ view_parse ] --START--
NOTIC: [8] Undefined index: sub D:\www\Admin\trunk\Runtime\Cache\admin\9a60b5618974bb16a37d199af1eb41b0.php 第 44 行.
NOTIC: [8] Undefined variable: QRcodeUrl D:\www\Admin\trunk\Runtime\Cache\admin\9a60b5618974bb16a37d199af1eb41b0.php 第 49 行.
NOTIC: [8] Undefined variable: vo D:\www\Admin\trunk\Runtime\Cache\admin\9a60b5618974bb16a37d199af1eb41b0.php 第 66 行.
INFO: ParseTemplate Behavior ::run [ RunTime:0.025221s ]
INFO: [ view_parse ] --END-- [ RunTime:0.025306s ]
INFO: [ view_filter ] --START--
INFO: ContentReplace Behavior ::run [ RunTime:0.000796s ]
INFO: TokenBuild Behavior ::run [ RunTime:0.000608s ]
INFO: WriteHtmlCache Behavior ::run [ RunTime:0.000536s ]
INFO: ShowRuntime Behavior ::run [ RunTime:0.000697s ]
INFO: [ view_filter ] --END-- [ RunTime:0.002845s ]
INFO: [ view_end ] --START--
INFO: ShowPageTrace Behavior ::run [ RunTime:0.000922s ]
INFO: [ view_end ] --END-- [ RunTime:0.000988s ]

